 ELS FOCE/Laplace engine log file 
 MAX ITERS =        1000



 Model evaluation ODE level used:
  3=DVERK non-stiff

 Other flags and run conditions/tolerances:

        60  NSUB
        13  NUMFREEPARAM
         6  NUMFREEFIXEF
         1  NUMFREEEPS  
         6  NUMFREEOMEGAPARAM
         3  NUMRANEF
         1  Allow Gaussian Fit
         5  IDENGINE
         0  IFLAGRESTART
         1  IFLAGSTDERR 
         0  IFLAGNP     
         1  IFLAGFOCEHESS
         1  NORDERAGQ
         1  NUMPROCS 
        13  NDIGITblup 
         7  NDIGITlagl 
 0.200E-02  tolmodlinz 
 0.100E-01  tolstderr  
         0  NREP_PCWRES
         1  NPRESAMPLE 
         0  NGETMAPNP  
           0  iflaganagrad
           3  iodelevelused
           1  iflagstderr 
           3  iflagwhichstderr


 Initial parameter values:

  0.10000000E+01        1   1 THETA
  0.12000000E+04        2   1 THETA
  0.12000000E+04        3   1 THETA
  0.15000000E+02        4   1 THETA
  0.12000000E+01        5   1 THETA
  0.11000000E+01        6   1 THETA
  0.50000000E+00        1   1 EPS_STD_DEV
  0.25000000E+00        1   1 EPS_VARIANCE
  0.31000000E+00        1   1 OMEGA
  0.10000000E+00        2   1 OMEGA
  0.31000000E+00        2   2 OMEGA
  0.10000000E+00        3   1 OMEGA
  0.10000000E+00        3   2 OMEGA
  0.31000000E+00        3   3 OMEGA
  0.39411363E+04        1   1 -LOGLIKE
  0.71103643E+04        1   1 ELSOBJ  

 Total # Subjects     =          60
 Total # Observations =         420


 FOCE Hessian approximation used
iteration =     1    LL value =    3905.6422    
iteration =     2    LL value =    3897.3170    
iteration =     3    LL value =    3889.8911    
iteration =     4    LL value =    3888.2602    
iteration =     5    LL value =    3880.5088    
iteration =     6    LL value =    3876.3104    
iteration =     7    LL value =    3872.5656    
iteration =     8    LL value =    3871.4685    
iteration =     9    LL value =    3870.8505    
iteration =    10    LL value =    3869.7300    
iteration =    11    LL value =    3869.2951    
iteration =    12    LL value =    3869.0687    
iteration =    13    LL value =    3868.9592    
iteration =    14    LL value =    3868.9083    
iteration =    15    LL value =    3868.8742    
iteration =    16    LL value =    3868.8495    
iteration =    17    LL value =    3868.8462    
iteration =    18    LL value =    3868.8371    
iteration =    19    LL value =    3868.8142    
iteration =    20    LL value =    3868.7987    
iteration =    21    LL value =    3868.7845    
iteration =    22    LL value =    3868.7504    
iteration =    23    LL value =    3868.7215    
iteration =    24    LL value =    3868.6791    
iteration =    25    LL value =    3868.6551    
iteration =    26    LL value =    3868.6443    
iteration =    27    LL value =    3868.6323    
iteration =    28    LL value =    3868.6277    
iteration =    29    LL value =    3868.6138    
iteration =    30    LL value =    3868.5974    
iteration =    31    LL value =    3868.5808    
iteration =    32    LL value =    3868.5434    
iteration =    33    LL value =    3868.5268    
 Main umdriver optimization for engine 5 terminated
 ITRMCD exit code from umdriver =            1
 1,2,3 = probable success, 4 = maxiterations reached
 7 = Linesearch failed to find any good gradient to move

 Starting std error computation

 Warning: Hessian based standard error
 computation failed in Cholesky factorization step
 of numerical Hessian of -2LL function
 infohess from dpotrf =           7

 Auto-detect: selecting appropriate type of STDERR:
 Auto-detect: Fisher Score is selected

 Score based  std error successful
 Standard errors of estimated parameters

internal_coords     Param       Param_val         Std_err     rel_std_err

       1       CMultStdev    0.496780E+00    0.311787E-01    0.627616E-01
       2           tvVmax    0.172027E+04    0.401252E+03    0.233249E+00
       3             tvKm    0.228489E+04    0.115079E+04    0.503654E+00
       4              tvV    0.129987E+02    0.108977E+01    0.838371E-01
       5             tvKa    0.108939E+01    0.971841E-01    0.892097E-01
       6            dVdWT    0.595973E+00    0.422041E+00    0.708154E+00
       7             CEps    0.500223E+00    0.235001E+01    0.469794E+01
       8            nVmax    0.392100E+00    0.195129E+00    0.497651E+00
       9         nVmaxnKm    0.341425E+00    0.177505E+00    0.519895E+00
      10              nKm    0.224856E+00    0.273573E+00    0.121666E+01
      11          nVmaxnV    0.289096E+00    0.730632E+00    0.252730E+01
      12            nKmnV    0.146465E+00    0.100046E+01    0.683071E+01
      13               nV    0.400035E+00    0.816082E+00    0.204003E+01


external_coords     Param       Param_val         Std_err     rel_std_err

       1       CMultStdev    0.496780E+00    0.311787E-01    0.627616E-01
       2           tvVmax    0.172027E+04    0.401252E+03    0.233249E+00
       3             tvKm    0.228489E+04    0.115079E+04    0.503654E+00
       4              tvV    0.129987E+02    0.108977E+01    0.838371E-01
       5             tvKa    0.108939E+01    0.971841E-01    0.892097E-01
       6            dVdWT    0.595973E+00    0.422041E+00    0.708154E+00
       7             CEps    0.500223E+00    0.235001E+01    0.469794E+01
       8            nVmax    0.153743E+00    0.153020E+00    0.995303E+00
       9         nVmaxnKm    0.133873E+00    0.784028E-01    0.585651E+00
      10              nKm    0.167131E+00    0.569197E-01    0.340568E+00
      11          nVmaxnV    0.113355E+00    0.338406E+00    0.298538E+01
      12            nKmnV    0.131638E+00    0.151599E+00    0.115164E+01
      13               nV    0.265057E+00    0.782046E+00    0.295049E+01


 Engine Convergence Summary:
 Convergence achieved

 ITRMCD value on last iteration =           1
 NLME7 return code=           1

 Optimal parameters:

  0.49677989E+00        1   1 THETA        BOUNDS:   0.000E+00  0.100+101
  0.17202713E+04        2   1 THETA        BOUNDS:   0.100E+03  0.300E+04
  0.22848859E+04        3   1 THETA        BOUNDS:   0.100E+03  0.300E+04
  0.12998669E+02        4   1 THETA        BOUNDS:   0.100E+01  0.400E+02
  0.10893895E+01        5   1 THETA        BOUNDS:   0.100E-01  0.300E+01
  0.59597334E+00        6   1 THETA        BOUNDS:   0.000E+00  0.100E+02
  0.50022274E+00        1   1 EPS_STD_DEV  BOUNDS:   0.100E-02  0.100+101
  0.25022278E+00        1   1 EPS_VARIANCE
  0.15374252E+00        1   1 OMEGA
  0.13387282E+00        2   1 OMEGA
  0.16713139E+00        2   2 OMEGA
  0.11335472E+00        3   1 OMEGA
  0.13163831E+00        3   2 OMEGA
  0.26505673E+00        3   3 OMEGA
  0.38685268E+04        1   1 -LOGLIKE
  0.69651452E+04        1   1 ELSOBJ  
 
 EPSILON SHRINKAGES
  Epsilon shrinkage for CEps =     0.124283

 ETA SHRINKAGES
   eta-shrinkage( 1) =          0.14057
   eta-shrinkage( 2) =          0.10234
   eta-shrinkage( 3) =          0.31161

 RUNTIMES

   engine runtime (secs) =     19.078
   stderr runtime (secs) =     11.312

 EXITCODE            1
