 ELS FOCE/Laplace engine log file 
 MAX ITERS =        1000



 Model evaluation ODE level used:
  3=DVERK non-stiff

 Other flags and run conditions/tolerances:

        60  NSUB
        10  NUMFREEPARAM
         6  NUMFREEFIXEF
         1  NUMFREEEPS  
         3  NUMFREEOMEGAPARAM
         2  NUMRANEF
         1  Allow Gaussian Fit
         5  IDENGINE
         0  IFLAGRESTART
         1  IFLAGSTDERR 
         0  IFLAGNP     
         1  IFLAGFOCEHESS
         1  NORDERAGQ
         1  NUMPROCS 
        13  NDIGITblup 
         7  NDIGITlagl 
 0.200E-02  tolmodlinz 
 0.100E-01  tolstderr  
         0  NREP_PCWRES
         1  NPRESAMPLE 
         0  NGETMAPNP  
           0  iflaganagrad
           3  iodelevelused
           1  iflagstderr 
           3  iflagwhichstderr


 Initial parameter values:

  0.10000000E+01        1   1 THETA
  0.12000000E+04        2   1 THETA
  0.12000000E+04        3   1 THETA
  0.15000000E+02        4   1 THETA
  0.12000000E+01        5   1 THETA
  0.11000000E+01        6   1 THETA
  0.50000000E+00        1   1 EPS_STD_DEV
  0.25000000E+00        1   1 EPS_VARIANCE
  0.31000000E+00        1   1 OMEGA
  0.10000000E+00        2   1 OMEGA
  0.31000000E+00        2   2 OMEGA
  0.39669484E+04        1   1 -LOGLIKE
  0.71619884E+04        1   1 ELSOBJ  

 Total # Subjects     =          60
 Total # Observations =         420


 FOCE Hessian approximation used
iteration =     1    LL value =    3938.9642    
iteration =     2    LL value =    3930.5603    
iteration =     3    LL value =    3925.0157    
iteration =     4    LL value =    3918.1492    
iteration =     5    LL value =    3915.2189    
iteration =     6    LL value =    3908.8192    
iteration =     7    LL value =    3905.4967    
iteration =     8    LL value =    3904.8826    
iteration =     9    LL value =    3904.1431    
iteration =    10    LL value =    3904.0084    
iteration =    11    LL value =    3903.9643    
iteration =    12    LL value =    3903.8300    
iteration =    13    LL value =    3903.6766    
iteration =    14    LL value =    3903.5140    
iteration =    15    LL value =    3903.4712    
iteration =    16    LL value =    3903.4396    
iteration =    17    LL value =    3903.4395    
iteration =    18    LL value =    3903.4156    
iteration =    19    LL value =    3903.4009    
iteration =    20    LL value =    3903.3985    
iteration =    21    LL value =    3903.3926    
iteration =    22    LL value =    3903.3854    
iteration =    23    LL value =    3903.3822    
iteration =    24    LL value =    3903.3767    
iteration =    25    LL value =    3903.3697    
iteration =    26    LL value =    3903.3663    
iteration =    27    LL value =    3903.3650    
iteration =    28    LL value =    3903.3619    
iteration =    29    LL value =    3903.3572    
iteration =    30    LL value =    3903.3516    
iteration =    31    LL value =    3903.3480    
iteration =    32    LL value =    3903.3466    
iteration =    33    LL value =    3903.3445    
iteration =    34    LL value =    3903.3412    
iteration =    35    LL value =    3903.3383    
iteration =    36    LL value =    3903.3357    
iteration =    37    LL value =    3903.3350    
 Main umdriver optimization for engine 5 terminated
 ITRMCD exit code from umdriver =            1
 1,2,3 = probable success, 4 = maxiterations reached
 7 = Linesearch failed to find any good gradient to move

 Starting std error computation

 Hessian based std error successful
 Standard errors of estimated parameters

internal_coords     Param       Param_val         Std_err     rel_std_err

       1       CMultStdev    0.521004E+00    0.256165E-01    0.491676E-01
       2           tvVmax    0.164924E+04    0.173144E+03    0.104984E+00
       3             tvKm    0.295826E+04    0.611879E+03    0.206837E+00
       4              tvV    0.131638E+02    0.749673E+00    0.569496E-01
       5             tvKa    0.119017E+01    0.110899E+00    0.931792E-01
       6            dVdWT    0.106377E+01    0.198532E+00    0.186631E+00
       7             CEps    0.499991E+00    0.732276E+02    0.146458E+03
       8            nVmax    0.404896E+00    0.458026E-01    0.113122E+00
       9          nVmaxnV    0.177931E+00    0.458650E-01    0.257768E+00
      10               nV    0.312762E+00    0.358477E-01    0.114617E+00


external_coords     Param       Param_val         Std_err     rel_std_err

       1       CMultStdev    0.521004E+00    0.256165E-01    0.491676E-01
       2           tvVmax    0.164924E+04    0.173144E+03    0.104984E+00
       3             tvKm    0.295826E+04    0.611879E+03    0.206837E+00
       4              tvV    0.131638E+02    0.749673E+00    0.569496E-01
       5             tvKa    0.119017E+01    0.110899E+00    0.931792E-01
       6            dVdWT    0.106377E+01    0.198532E+00    0.186631E+00
       7             CEps    0.499991E+00    0.732276E+02    0.146458E+03
       8            nVmax    0.163941E+00    0.370906E-01    0.226244E+00
       9          nVmaxnV    0.720438E-01    0.210204E-01    0.291773E+00
      10               nV    0.129480E+00    0.267114E-01    0.206298E+00


 Score based  std error successful
 Standard errors of estimated parameters

internal_coords     Param       Param_val         Std_err     rel_std_err

       1       CMultStdev    0.521004E+00    0.331694E-01    0.636643E-01
       2           tvVmax    0.164924E+04    0.399554E+03    0.242265E+00
       3             tvKm    0.295826E+04    0.144477E+04    0.488385E+00
       4              tvV    0.131638E+02    0.102186E+01    0.776268E-01
       5             tvKa    0.119017E+01    0.796938E-01    0.669602E-01
       6            dVdWT    0.106377E+01    0.302153E+00    0.284040E+00
       7             CEps    0.499991E+00    0.241426E+01    0.482861E+01
       8            nVmax    0.404896E+00    0.732341E-01    0.180871E+00
       9          nVmaxnV    0.177931E+00    0.700625E-01    0.393761E+00
      10               nV    0.312762E+00    0.475372E-01    0.151992E+00


external_coords     Param       Param_val         Std_err     rel_std_err

       1       CMultStdev    0.521004E+00    0.331694E-01    0.636643E-01
       2           tvVmax    0.164924E+04    0.399554E+03    0.242265E+00
       3             tvKm    0.295826E+04    0.144477E+04    0.488385E+00
       4              tvV    0.131638E+02    0.102186E+01    0.776268E-01
       5             tvKa    0.119017E+01    0.796938E-01    0.669602E-01
       6            dVdWT    0.106377E+01    0.302153E+00    0.284040E+00
       7             CEps    0.499991E+00    0.241426E+01    0.482861E+01
       8            nVmax    0.163941E+00    0.593044E-01    0.361743E+00
       9          nVmaxnV    0.720438E-01    0.330157E-01    0.458273E+00
      10               nV    0.129480E+00    0.395992E-01    0.305833E+00


 Auto-detect: selecting appropriate type of STDERR:
 Auto-detect: Sandwich is chosen since both Score and Hessian succeeded

 Sandwich based std error successful
 Standard errors of estimated parameters

internal_coords     Param       Param_val         Std_err     rel_std_err

       1       CMultStdev    0.521004E+00    0.218412E-01    0.419213E-01
       2           tvVmax    0.164924E+04    0.113393E+03    0.687546E-01
       3             tvKm    0.295826E+04    0.310882E+03    0.105089E+00
       4              tvV    0.131638E+02    0.679208E+00    0.515967E-01
       5             tvKa    0.119017E+01    0.171670E+00    0.144240E+00
       6            dVdWT    0.106377E+01    0.145476E+00    0.136756E+00
       7             CEps    0.499991E+00    0.263565E+04    0.527139E+04
       8            nVmax    0.404896E+00    0.414711E-01    0.102424E+00
       9          nVmaxnV    0.177931E+00    0.349962E-01    0.196684E+00
      10               nV    0.312762E+00    0.311363E-01    0.995526E-01


external_coords     Param       Param_val         Std_err     rel_std_err

       1       CMultStdev    0.521004E+00    0.218412E-01    0.419213E-01
       2           tvVmax    0.164924E+04    0.113393E+03    0.687546E-01
       3             tvKm    0.295826E+04    0.310882E+03    0.105089E+00
       4              tvV    0.131638E+02    0.679208E+00    0.515967E-01
       5             tvKa    0.119017E+01    0.171670E+00    0.144240E+00
       6            dVdWT    0.106377E+01    0.145476E+00    0.136756E+00
       7             CEps    0.499991E+00    0.263565E+04    0.527139E+04
       8            nVmax    0.163941E+00    0.335829E-01    0.204848E+00
       9          nVmaxnV    0.720438E-01    0.172042E-01    0.238803E+00
      10               nV    0.129480E+00    0.205719E-01    0.158882E+00


 Engine Convergence Summary:
 Convergence achieved

 ITRMCD value on last iteration =           1
 NLME7 return code=           1

 Optimal parameters:

  0.52100385E+00        1   1 THETA        BOUNDS:   0.000E+00  0.100+101
  0.16492420E+04        2   1 THETA        BOUNDS:   0.100E+03  0.300E+04
  0.29582638E+04        3   1 THETA        BOUNDS:   0.100E+03  0.300E+04
  0.13163786E+02        4   1 THETA        BOUNDS:   0.100E+01  0.400E+02
  0.11901659E+01        5   1 THETA        BOUNDS:   0.100E-01  0.300E+01
  0.10637686E+01        6   1 THETA        BOUNDS:   0.000E+00  0.100E+02
  0.49999111E+00        1   1 EPS_STD_DEV  BOUNDS:   0.100E-02  0.100+101
  0.24999111E+00        1   1 EPS_VARIANCE
  0.16394078E+00        1   1 OMEGA
  0.72043755E-01        2   1 OMEGA
  0.12947971E+00        2   2 OMEGA
  0.39033350E+04        1   1 -LOGLIKE
  0.70347617E+04        1   1 ELSOBJ  
 
 EPSILON SHRINKAGES
  Epsilon shrinkage for CEps =     0.113941

 ETA SHRINKAGES
   eta-shrinkage( 1) =          0.11722
   eta-shrinkage( 2) =          0.14433

 RUNTIMES

   engine runtime (secs) =     12.484
   stderr runtime (secs) =      4.609

 EXITCODE            1
