 ELS FOCE/Laplace engine log file 
 MAX ITERS =        1000



 Model evaluation ODE level used:
  3=DVERK non-stiff

 Other flags and run conditions/tolerances:

        60  NSUB
        12  NUMFREEPARAM
         7  NUMFREEFIXEF
         1  NUMFREEEPS  
         4  NUMFREEOMEGAPARAM
         4  NUMRANEF
         1  Allow Gaussian Fit
         5  IDENGINE
         0  IFLAGRESTART
         1  IFLAGSTDERR 
         0  IFLAGNP     
         1  IFLAGFOCEHESS
         1  NORDERAGQ
         1  NUMPROCS 
        13  NDIGITblup 
         7  NDIGITlagl 
 0.200E-02  tolmodlinz 
 0.100E-01  tolstderr  
         0  NREP_PCWRES
         1  NPRESAMPLE 
         0  NGETMAPNP  
           0  iflaganagrad
           3  iodelevelused
           1  iflagstderr 
           3  iflagwhichstderr


 Initial parameter values:

  0.10000000E+01        1   1 THETA
  0.12000000E+04        2   1 THETA
  0.12000000E+04        3   1 THETA
  0.15000000E+02        4   1 THETA
  0.12000000E+01        5   1 THETA
  0.20000000E+01        6   1 THETA
  0.30000000E+01        7   1 THETA
  0.50000000E+00        1   1 EPS_STD_DEV
  0.25000000E+00        1   1 EPS_VARIANCE
  0.31000000E+00        1   1 OMEGA
  0.00000000E+00        2   1 OMEGA
  0.31000000E+00        2   2 OMEGA
  0.00000000E+00        3   1 OMEGA
  0.00000000E+00        3   2 OMEGA
  0.31000000E+00        3   3 OMEGA
  0.00000000E+00        4   1 OMEGA
  0.00000000E+00        4   2 OMEGA
  0.00000000E+00        4   3 OMEGA
  0.31000000E+00        4   4 OMEGA
  0.37594425E+04        1   1 -LOGLIKE
  0.67469766E+04        1   1 ELSOBJ  

 Total # Subjects     =          60
 Total # Observations =         420


 FOCE Hessian approximation used
iteration =     1    LL value =    3715.8430    
iteration =     2    LL value =    3703.5099    
iteration =     3    LL value =    3694.9842    
iteration =     4    LL value =    3690.7128    
iteration =     5    LL value =    3689.2143    
iteration =     6    LL value =    3684.1071    
iteration =     7    LL value =    3680.5616    
iteration =     8    LL value =    3679.6496    
iteration =     9    LL value =    3679.2957    
iteration =    10    LL value =    3679.0524    
iteration =    11    LL value =    3678.7026    
iteration =    12    LL value =    3678.4820    
iteration =    13    LL value =    3678.4167    
iteration =    14    LL value =    3678.3484    
iteration =    15    LL value =    3678.2195    
iteration =    16    LL value =    3677.9875    
iteration =    17    LL value =    3677.8524    
iteration =    18    LL value =    3677.7938    
iteration =    19    LL value =    3677.3808    
iteration =    20    LL value =    3677.2060    
iteration =    21    LL value =    3677.1463    
iteration =    22    LL value =    3677.1263    
iteration =    23    LL value =    3677.0376    
iteration =    24    LL value =    3676.9454    
iteration =    25    LL value =    3676.8160    
iteration =    26    LL value =    3676.7379    
iteration =    27    LL value =    3676.6087    
iteration =    28    LL value =    3676.3420    
iteration =    29    LL value =    3675.7686    
iteration =    30    LL value =    3675.5794    
iteration =    31    LL value =    3675.4772    
iteration =    32    LL value =    3675.4023    
iteration =    33    LL value =    3675.3887    
iteration =    34    LL value =    3675.3591    
iteration =    35    LL value =    3675.2544    
iteration =    36    LL value =    3675.1246    
iteration =    37    LL value =    3675.0892    
iteration =    38    LL value =    3675.0325    
iteration =    39    LL value =    3675.0130    
iteration =    40    LL value =    3675.0128    
iteration =    41    LL value =    3674.9671    
iteration =    42    LL value =    3674.9358    
iteration =    43    LL value =    3674.9329    
iteration =    44    LL value =    3674.9322    
iteration =    45    LL value =    3674.9275    
iteration =    46    LL value =    3674.9261    
iteration =    47    LL value =    3674.9234    
iteration =    48    LL value =    3674.9214    
iteration =    49    LL value =    3674.9159    
iteration =    50    LL value =    3674.9146    
iteration =    51    LL value =    3674.9092    
iteration =    52    LL value =    3674.9065    
iteration =    53    LL value =    3674.9028    
iteration =    54    LL value =    3674.9002    
iteration =    55    LL value =    3674.8970    
iteration =    56    LL value =    3674.8902    
iteration =    57    LL value =    3674.8846    
iteration =    58    LL value =    3674.8811    
iteration =    59    LL value =    3674.8729    
iteration =    60    LL value =    3674.8632    
iteration =    61    LL value =    3674.8410    
iteration =    62    LL value =    3674.8262    
iteration =    63    LL value =    3674.8164    
iteration =    64    LL value =    3674.8082    
iteration =    65    LL value =    3674.8022    
iteration =    66    LL value =    3674.7984    
iteration =    67    LL value =    3674.7907    
iteration =    68    LL value =    3674.7844    
iteration =    69    LL value =    3674.7764    
iteration =    70    LL value =    3674.7712    
iteration =    71    LL value =    3674.7706    
iteration =    72    LL value =    3674.7705    
iteration =    73    LL value =    3674.7701    
iteration =    74    LL value =    3674.7699    
iteration =    75    LL value =    3674.7688    
iteration =    76    LL value =    3674.7682    
iteration =    77    LL value =    3674.7677    
iteration =    78    LL value =    3674.7668    
iteration =    79    LL value =    3674.7667    
iteration =    80    LL value =    3674.7666    
iteration =    81    LL value =    3674.7664    
iteration =    82    LL value =    3674.7658    
