 ELS FOCE/Laplace engine log file 
 MAX ITERS =        1000



 Model evaluation ODE level used:
  3=DVERK non-stiff

 Other flags and run conditions/tolerances:

        60  NSUB
         9  NUMFREEPARAM
         6  NUMFREEFIXEF
         1  NUMFREEEPS  
         2  NUMFREEOMEGAPARAM
         2  NUMRANEF
         1  Allow Gaussian Fit
         5  IDENGINE
         0  IFLAGRESTART
         1  IFLAGSTDERR 
         0  IFLAGNP     
         1  IFLAGFOCEHESS
         1  NORDERAGQ
         1  NUMPROCS 
        13  NDIGITblup 
         7  NDIGITlagl 
 0.200E-02  tolmodlinz 
 0.100E-01  tolstderr  
         0  NREP_PCWRES
         1  NPRESAMPLE 
         0  NGETMAPNP  
           0  iflaganagrad
           3  iodelevelused
           1  iflagstderr 
           3  iflagwhichstderr


 Initial parameter values:

  0.10000000E+01        1   1 THETA
  0.12000000E+04        2   1 THETA
  0.12000000E+04        3   1 THETA
  0.15000000E+02        4   1 THETA
  0.12000000E+01        5   1 THETA
  0.11000000E+01        6   1 THETA
  0.50000000E+00        1   1 EPS_STD_DEV
  0.25000000E+00        1   1 EPS_VARIANCE
  0.31000000E+00        1   1 OMEGA
  0.00000000E+00        2   1 OMEGA
  0.31000000E+00        2   2 OMEGA
  0.39614914E+04        1   1 -LOGLIKE
  0.71510744E+04        1   1 ELSOBJ  

 Total # Subjects     =          60
 Total # Observations =         420


 FOCE Hessian approximation used
iteration =     1    LL value =    3933.0237    
iteration =     2    LL value =    3924.9882    
iteration =     3    LL value =    3918.7453    
iteration =     4    LL value =    3916.5580    
iteration =     5    LL value =    3910.8879    
iteration =     6    LL value =    3908.6741    
iteration =     7    LL value =    3903.6655    
iteration =     8    LL value =    3903.3401    
iteration =     9    LL value =    3903.0220    
iteration =    10    LL value =    3902.9977    
iteration =    11    LL value =    3902.9805    
iteration =    12    LL value =    3902.9686    
iteration =    13    LL value =    3902.9577    
iteration =    14    LL value =    3902.9444    
iteration =    15    LL value =    3902.9254    
iteration =    16    LL value =    3902.9032    
iteration =    17    LL value =    3902.8996    
 Main umdriver optimization for engine 5 terminated
 ITRMCD exit code from umdriver =            1
 1,2,3 = probable success, 4 = maxiterations reached
 7 = Linesearch failed to find any good gradient to move

 Starting std error computation

 Warning: Hessian based standard error
 computation failed in Cholesky factorization step
 of numerical Hessian of -2LL function
 infohess from dpotrf =           4

 Auto-detect: selecting appropriate type of STDERR:
 Auto-detect: Fisher Score is selected

 Score based  std error successful
 Standard errors of estimated parameters

internal_coords     Param       Param_val         Std_err     rel_std_err

       1       CMultStdev    0.526922E+00    0.336679E-01    0.638953E-01
       2           tvVmax    0.127795E+04    0.124071E+03    0.970861E-01
       3             tvKm    0.146692E+04    0.357170E+03    0.243483E+00
       4              tvV    0.135763E+02    0.108112E+01    0.796327E-01
       5             tvKa    0.122132E+01    0.834155E-01    0.682992E-01
       6            dVdWT    0.961698E+00    0.347429E+00    0.361266E+00
       7             CEps    0.500013E+00    0.208395E+01    0.416778E+01
       8            nVmax    0.332370E+00    0.459406E-01    0.138221E+00
       9               nV    0.388183E+00    0.542670E-01    0.139797E+00


external_coords     Param       Param_val         Std_err     rel_std_err

       1       CMultStdev    0.526922E+00    0.336679E-01    0.638953E-01
       2           tvVmax    0.127795E+04    0.124071E+03    0.970861E-01
       3             tvKm    0.146692E+04    0.357170E+03    0.243483E+00
       4              tvV    0.135763E+02    0.108112E+01    0.796327E-01
       5             tvKa    0.122132E+01    0.834155E-01    0.682992E-01
       6            dVdWT    0.961698E+00    0.347429E+00    0.361266E+00
       7             CEps    0.500013E+00    0.208395E+01    0.416778E+01
       8            nVmax    0.110470E+00    0.305386E-01    0.276442E+00
       9               nV    0.150686E+00    0.421311E-01    0.279594E+00


 Engine Convergence Summary:
 Convergence achieved

 ITRMCD value on last iteration =           1
 NLME7 return code=           1

 Optimal parameters:

  0.52692228E+00        1   1 THETA        BOUNDS:   0.000E+00  0.100+101
  0.12779496E+04        2   1 THETA        BOUNDS:   0.100E+03  0.300E+04
  0.14669203E+04        3   1 THETA        BOUNDS:   0.100E+03  0.300E+04
  0.13576294E+02        4   1 THETA        BOUNDS:   0.100E+01  0.400E+02
  0.12213243E+01        5   1 THETA        BOUNDS:   0.100E-01  0.300E+01
  0.96169837E+00        6   1 THETA        BOUNDS:   0.000E+00  0.100E+02
  0.50001349E+00        1   1 EPS_STD_DEV  BOUNDS:   0.100E-02  0.100+101
  0.25001349E+00        1   1 EPS_VARIANCE
  0.11047005E+00        1   1 OMEGA
  0.00000000E+00        2   1 OMEGA
  0.15068638E+00        2   2 OMEGA
  0.39028996E+04        1   1 -LOGLIKE
  0.70338908E+04        1   1 ELSOBJ  
 
 EPSILON SHRINKAGES
  Epsilon shrinkage for CEps =     0.122277

 ETA SHRINKAGES
   eta-shrinkage( 1) =          0.15258
   eta-shrinkage( 2) =          0.13678

 RUNTIMES

   engine runtime (secs) =      5.969
   stderr runtime (secs) =      3.984

 EXITCODE            1
