 ELS FOCE/Laplace engine log file 
 MAX ITERS =        1000



 Model evaluation ODE level used:
  3=DVERK non-stiff

 Other flags and run conditions/tolerances:

        60  NSUB
        11  NUMFREEPARAM
         6  NUMFREEFIXEF
         1  NUMFREEEPS  
         4  NUMFREEOMEGAPARAM
         4  NUMRANEF
         1  Allow Gaussian Fit
         5  IDENGINE
         0  IFLAGRESTART
         1  IFLAGSTDERR 
         0  IFLAGNP     
         1  IFLAGFOCEHESS
         1  NORDERAGQ
         1  NUMPROCS 
        13  NDIGITblup 
         7  NDIGITlagl 
 0.200E-02  tolmodlinz 
 0.100E-01  tolstderr  
         0  NREP_PCWRES
         1  NPRESAMPLE 
         0  NGETMAPNP  
           0  iflaganagrad
           3  iodelevelused
           1  iflagstderr 
           3  iflagwhichstderr


 Initial parameter values:

  0.10000000E+01        1   1 THETA
  0.12000000E+04        2   1 THETA
  0.12000000E+04        3   1 THETA
  0.15000000E+02        4   1 THETA
  0.12000000E+01        5   1 THETA
  0.11000000E+01        6   1 THETA
  0.50000000E+00        1   1 EPS_STD_DEV
  0.25000000E+00        1   1 EPS_VARIANCE
  0.31000000E+00        1   1 OMEGA
  0.00000000E+00        2   1 OMEGA
  0.31000000E+00        2   2 OMEGA
  0.00000000E+00        3   1 OMEGA
  0.00000000E+00        3   2 OMEGA
  0.31000000E+00        3   3 OMEGA
  0.00000000E+00        4   1 OMEGA
  0.00000000E+00        4   2 OMEGA
  0.00000000E+00        4   3 OMEGA
  0.31000000E+00        4   4 OMEGA
  0.39153104E+04        1   1 -LOGLIKE
  0.70587124E+04        1   1 ELSOBJ  

 Total # Subjects     =          60
 Total # Observations =         420


 FOCE Hessian approximation used
iteration =     1    LL value =    3867.5854    
iteration =     2    LL value =    3860.0855    
iteration =     3    LL value =    3858.6008    
iteration =     4    LL value =    3848.6844    
iteration =     5    LL value =    3846.2446    
iteration =     6    LL value =    3840.8974    
iteration =     7    LL value =    3836.8679    
iteration =     8    LL value =    3836.3477    
iteration =     9    LL value =    3836.1534    
iteration =    10    LL value =    3836.1135    
iteration =    11    LL value =    3836.1068    
iteration =    12    LL value =    3836.0909    
iteration =    13    LL value =    3836.0703    
iteration =    14    LL value =    3836.0229    
iteration =    15    LL value =    3835.9849    
iteration =    16    LL value =    3835.9689    
iteration =    17    LL value =    3835.9532    
iteration =    18    LL value =    3835.9330    
iteration =    19    LL value =    3835.9281    
iteration =    20    LL value =    3835.9022    
iteration =    21    LL value =    3835.9001    
iteration =    22    LL value =    3835.8999    
iteration =    23    LL value =    3835.8914    
iteration =    24    LL value =    3835.8624    
iteration =    25    LL value =    3835.8471    
iteration =    26    LL value =    3835.8250    
iteration =    27    LL value =    3835.7782    
iteration =    28    LL value =    3835.7212    
iteration =    29    LL value =    3835.6763    
iteration =    30    LL value =    3835.5806    
iteration =    31    LL value =    3835.4248    
iteration =    32    LL value =    3835.3000    
iteration =    33    LL value =    3835.1885    
iteration =    34    LL value =    3835.0243    
iteration =    35    LL value =    3834.9328    
iteration =    36    LL value =    3834.8578    
iteration =    37    LL value =    3834.8399    
iteration =    38    LL value =    3834.8270    
iteration =    39    LL value =    3834.8145    
iteration =    40    LL value =    3834.7973    
iteration =    41    LL value =    3834.7903    
 Main umdriver optimization for engine 5 terminated
 ITRMCD exit code from umdriver =            1
 1,2,3 = probable success, 4 = maxiterations reached
 7 = Linesearch failed to find any good gradient to move

 Starting std error computation

 Warning: Hessian based standard error
 computation failed in Cholesky factorization step
 of numerical Hessian of -2LL function
 infohess from dpotrf =          10

 Auto-detect: selecting appropriate type of STDERR:
 Auto-detect: Fisher Score is selected

 Score based  std error successful
 Standard errors of estimated parameters

internal_coords     Param       Param_val         Std_err     rel_std_err

       1       CMultStdev    0.473318E+00    0.345702E-01    0.730379E-01
       2           tvVmax    0.136300E+04    0.154316E+03    0.113218E+00
       3             tvKm    0.138179E+04    0.406213E+03    0.293976E+00
       4              tvV    0.130602E+02    0.978371E+00    0.749123E-01
       5             tvKa    0.767513E+00    0.100444E+00    0.130870E+00
       6            dVdWT    0.138380E+01    0.386730E+00    0.279470E+00
       7             CEps    0.312738E+00    0.645405E+00    0.206372E+01
       8            nVmax    0.305851E+00    0.491095E-01    0.160567E+00
       9              nKm    0.397755E+00    0.665777E-01    0.167384E+00
      10               nV    0.968041E-01    0.336587E+00    0.347699E+01
      11              nKa    0.638491E+00    0.123933E+00    0.194102E+00


external_coords     Param       Param_val         Std_err     rel_std_err

       1       CMultStdev    0.473318E+00    0.345702E-01    0.730379E-01
       2           tvVmax    0.136300E+04    0.154316E+03    0.113218E+00
       3             tvKm    0.138179E+04    0.406213E+03    0.293976E+00
       4              tvV    0.130602E+02    0.978371E+00    0.749123E-01
       5             tvKa    0.767513E+00    0.100444E+00    0.130870E+00
       6            dVdWT    0.138380E+01    0.386730E+00    0.279470E+00
       7             CEps    0.312738E+00    0.645405E+00    0.206372E+01
       8            nVmax    0.935447E-01    0.300404E-01    0.321134E+00
       9              nKm    0.158209E+00    0.529632E-01    0.334768E+00
      10               nV    0.937104E-02    0.651659E-01    0.695397E+01
      11              nKa    0.407671E+00    0.158260E+00    0.388204E+00


 Engine Convergence Summary:
 Convergence achieved

 ITRMCD value on last iteration =           1
 NLME7 return code=           1

 Optimal parameters:

  0.47331820E+00        1   1 THETA        BOUNDS:   0.000E+00  0.100+101
  0.13630004E+04        2   1 THETA        BOUNDS:   0.100E+03  0.300E+04
  0.13817909E+04        3   1 THETA        BOUNDS:   0.100E+03  0.300E+04
  0.13060226E+02        4   1 THETA        BOUNDS:   0.100E+01  0.400E+02
  0.76751321E+00        5   1 THETA        BOUNDS:   0.100E-01  0.300E+01
  0.13837998E+01        6   1 THETA        BOUNDS:   0.000E+00  0.100E+02
  0.31273796E+00        1   1 EPS_STD_DEV  BOUNDS:   0.100E-02  0.100+101
  0.97805033E-01        1   1 EPS_VARIANCE
  0.93544655E-01        1   1 OMEGA
  0.00000000E+00        2   1 OMEGA
  0.15820874E+00        2   2 OMEGA
  0.00000000E+00        3   1 OMEGA
  0.00000000E+00        3   2 OMEGA
  0.93710355E-02        3   3 OMEGA
  0.00000000E+00        4   1 OMEGA
  0.00000000E+00        4   2 OMEGA
  0.00000000E+00        4   3 OMEGA
  0.40767114E+00        4   4 OMEGA
  0.38347903E+04        1   1 -LOGLIKE
  0.68976722E+04        1   1 ELSOBJ  
 
 EPSILON SHRINKAGES
  Epsilon shrinkage for CEps =     0.174626

 ETA SHRINKAGES
   eta-shrinkage( 1) =          0.12922
   eta-shrinkage( 2) =          0.13875
   eta-shrinkage( 3) =          0.89802
   eta-shrinkage( 4) =          0.26795

 RUNTIMES

   engine runtime (secs) =     26.359
   stderr runtime (secs) =     10.516

 EXITCODE            1
