 ELS FOCE/Laplace engine log file 
 MAX ITERS =        1000



 Model evaluation ODE level used:
  3=DVERK non-stiff

 Other flags and run conditions/tolerances:

        60  NSUB
        11  NUMFREEPARAM
         8  NUMFREEFIXEF
         1  NUMFREEEPS  
         2  NUMFREEOMEGAPARAM
         2  NUMRANEF
         1  Allow Gaussian Fit
         5  IDENGINE
         0  IFLAGRESTART
         1  IFLAGSTDERR 
         0  IFLAGNP     
         1  IFLAGFOCEHESS
         1  NORDERAGQ
         1  NUMPROCS 
        13  NDIGITblup 
         7  NDIGITlagl 
 0.200E-02  tolmodlinz 
 0.100E-01  tolstderr  
         0  NREP_PCWRES
         1  NPRESAMPLE 
         0  NGETMAPNP  
           0  iflaganagrad
           3  iodelevelused
           1  iflagstderr 
           3  iflagwhichstderr


 Initial parameter values:

  0.10000000E+01        1   1 THETA
  0.12000000E+04        2   1 THETA
  0.12000000E+04        3   1 THETA
  0.15000000E+02        4   1 THETA
  0.12000000E+01        5   1 THETA
  0.20000000E+01        6   1 THETA
  0.30000000E+01        7   1 THETA
  0.11000000E+01        8   1 THETA
  0.50000000E+00        1   1 EPS_STD_DEV
  0.25000000E+00        1   1 EPS_VARIANCE
  0.31000000E+00        1   1 OMEGA
  0.00000000E+00        2   1 OMEGA
  0.31000000E+00        2   2 OMEGA
  0.37854703E+04        1   1 -LOGLIKE
  0.67990323E+04        1   1 ELSOBJ  

 Total # Subjects     =          60
 Total # Observations =         420


 FOCE Hessian approximation used
iteration =     1    LL value =    3755.8237    
iteration =     2    LL value =    3744.4920    
iteration =     3    LL value =    3737.9833    
iteration =     4    LL value =    3736.0626    
iteration =     5    LL value =    3732.6551    
iteration =     6    LL value =    3731.2124    
iteration =     7    LL value =    3728.7457    
iteration =     8    LL value =    3725.9145    
iteration =     9    LL value =    3725.3120    
iteration =    10    LL value =    3725.1289    
iteration =    11    LL value =    3725.0803    
iteration =    12    LL value =    3725.0568    
iteration =    13    LL value =    3725.0377    
iteration =    14    LL value =    3725.0319    
iteration =    15    LL value =    3724.9061    
iteration =    16    LL value =    3724.7986    
iteration =    17    LL value =    3724.7461    
iteration =    18    LL value =    3724.7183    
iteration =    19    LL value =    3724.6185    
iteration =    20    LL value =    3724.5208    
iteration =    21    LL value =    3724.5177    
iteration =    22    LL value =    3724.4343    
iteration =    23    LL value =    3724.4294    
iteration =    24    LL value =    3724.3911    
iteration =    25    LL value =    3724.3126    
