 ELS FOCE/Laplace engine log file 
 MAX ITERS =        1000



 Model evaluation ODE level used:
  3=DVERK non-stiff

 Other flags and run conditions/tolerances:

        60  NSUB
        10  NUMFREEPARAM
         6  NUMFREEFIXEF
         1  NUMFREEEPS  
         3  NUMFREEOMEGAPARAM
         3  NUMRANEF
         1  Allow Gaussian Fit
         5  IDENGINE
         0  IFLAGRESTART
         1  IFLAGSTDERR 
         0  IFLAGNP     
         1  IFLAGFOCEHESS
         1  NORDERAGQ
         1  NUMPROCS 
        13  NDIGITblup 
         7  NDIGITlagl 
 0.200E-02  tolmodlinz 
 0.100E-01  tolstderr  
         0  NREP_PCWRES
         1  NPRESAMPLE 
         0  NGETMAPNP  
           0  iflaganagrad
           3  iodelevelused
           1  iflagstderr 
           3  iflagwhichstderr


 Initial parameter values:

  0.10000000E+01        1   1 THETA
  0.12000000E+04        2   1 THETA
  0.12000000E+04        3   1 THETA
  0.15000000E+02        4   1 THETA
  0.12000000E+01        5   1 THETA
  0.11000000E+01        6   1 THETA
  0.50000000E+00        1   1 EPS_STD_DEV
  0.25000000E+00        1   1 EPS_VARIANCE
  0.31000000E+00        1   1 OMEGA
  0.00000000E+00        2   1 OMEGA
  0.31000000E+00        2   2 OMEGA
  0.00000000E+00        3   1 OMEGA
  0.00000000E+00        3   2 OMEGA
  0.31000000E+00        3   3 OMEGA
  0.39288244E+04        1   1 -LOGLIKE
  0.70857405E+04        1   1 ELSOBJ  

 Total # Subjects     =          60
 Total # Observations =         420


 FOCE Hessian approximation used
iteration =     1    LL value =    3892.0577    
iteration =     2    LL value =    3884.7944    
iteration =     3    LL value =    3876.2887    
iteration =     4    LL value =    3872.7135    
iteration =     5    LL value =    3868.8898    
iteration =     6    LL value =    3862.3084    
iteration =     7    LL value =    3860.6344    
iteration =     8    LL value =    3860.2474    
iteration =     9    LL value =    3860.2297    
iteration =    10    LL value =    3860.1801    
iteration =    11    LL value =    3860.1462    
iteration =    12    LL value =    3860.1445    
iteration =    13    LL value =    3860.1400    
iteration =    14    LL value =    3860.1154    
iteration =    15    LL value =    3860.0487    
iteration =    16    LL value =    3859.9916    
iteration =    17    LL value =    3859.9512    
iteration =    18    LL value =    3859.9420    
iteration =    19    LL value =    3859.9183    
iteration =    20    LL value =    3859.9154    
iteration =    21    LL value =    3859.8221    
iteration =    22    LL value =    3859.7882    
iteration =    23    LL value =    3859.7543    
iteration =    24    LL value =    3859.7068    
iteration =    25    LL value =    3859.6849    
iteration =    26    LL value =    3859.6653    
iteration =    27    LL value =    3859.6293    
iteration =    28    LL value =    3859.5773    
iteration =    29    LL value =    3859.5100    
iteration =    30    LL value =    3859.4209    
iteration =    31    LL value =    3859.3234    
iteration =    32    LL value =    3859.2068    
iteration =    33    LL value =    3859.0936    
iteration =    34    LL value =    3859.0672    
iteration =    35    LL value =    3859.0460    
iteration =    36    LL value =    3859.0326    
iteration =    37    LL value =    3859.0178    
iteration =    38    LL value =    3859.0041    
iteration =    39    LL value =    3858.9917    
iteration =    40    LL value =    3858.9870    
iteration =    41    LL value =    3858.9752    
iteration =    42    LL value =    3858.9699    
iteration =    43    LL value =    3858.9626    
iteration =    44    LL value =    3858.9595    
iteration =    45    LL value =    3858.9586    
iteration =    46    LL value =    3858.9570    
 Main umdriver optimization for engine 5 terminated
 ITRMCD exit code from umdriver =            1
 1,2,3 = probable success, 4 = maxiterations reached
 7 = Linesearch failed to find any good gradient to move

 Starting std error computation

 Warning: Hessian based standard error
 computation failed in Cholesky factorization step
 of numerical Hessian of -2LL function
 infohess from dpotrf =           7

 Auto-detect: selecting appropriate type of STDERR:
 Auto-detect: Fisher Score is selected

 Score based  std error successful
 Standard errors of estimated parameters

internal_coords     Param       Param_val         Std_err     rel_std_err

       1       CMultStdev    0.501646E+00    0.303634E-01    0.605276E-01
       2           tvVmax    0.132792E+04    0.142386E+03    0.107225E+00
       3             tvKm    0.113685E+04    0.401480E+03    0.353152E+00
       4              tvV    0.132704E+02    0.108728E+01    0.819324E-01
       5             tvKa    0.115453E+01    0.940391E-01    0.814524E-01
       6            dVdWT    0.943292E+00    0.390386E+00    0.413855E+00
       7             CEps    0.308502E+00    0.824325E+00    0.267202E+01
       8            nVmax    0.314499E+00    0.518974E-01    0.165016E+00
       9              nKm    0.380464E+00    0.661189E-01    0.173785E+00
      10               nV    0.991282E-01    0.281997E+00    0.284477E+01


external_coords     Param       Param_val         Std_err     rel_std_err

       1       CMultStdev    0.501646E+00    0.303634E-01    0.605276E-01
       2           tvVmax    0.132792E+04    0.142386E+03    0.107225E+00
       3             tvKm    0.113685E+04    0.401480E+03    0.353152E+00
       4              tvV    0.132704E+02    0.108728E+01    0.819324E-01
       5             tvKa    0.115453E+01    0.940391E-01    0.814524E-01
       6            dVdWT    0.943292E+00    0.390386E+00    0.413855E+00
       7             CEps    0.308502E+00    0.824325E+00    0.267202E+01
       8            nVmax    0.989099E-01    0.326434E-01    0.330032E+00
       9              nKm    0.144753E+00    0.503116E-01    0.347570E+00
      10               nV    0.982639E-02    0.559077E-01    0.568954E+01


 Engine Convergence Summary:
 Convergence achieved

 ITRMCD value on last iteration =           1
 NLME7 return code=           1

 Optimal parameters:

  0.50164579E+00        1   1 THETA        BOUNDS:   0.000E+00  0.100+101
  0.13279174E+04        2   1 THETA        BOUNDS:   0.100E+03  0.300E+04
  0.11368456E+04        3   1 THETA        BOUNDS:   0.100E+03  0.300E+04
  0.13270411E+02        4   1 THETA        BOUNDS:   0.100E+01  0.400E+02
  0.11545287E+01        5   1 THETA        BOUNDS:   0.100E-01  0.300E+01
  0.94329151E+00        6   1 THETA        BOUNDS:   0.000E+00  0.100E+02
  0.30850217E+00        1   1 EPS_STD_DEV  BOUNDS:   0.100E-02  0.100+101
  0.95173587E-01        1   1 EPS_VARIANCE
  0.98909879E-01        1   1 OMEGA
  0.00000000E+00        2   1 OMEGA
  0.14475256E+00        2   2 OMEGA
  0.00000000E+00        3   1 OMEGA
  0.00000000E+00        3   2 OMEGA
  0.98263939E-02        3   3 OMEGA
  0.38589570E+04        1   1 -LOGLIKE
  0.69460056E+04        1   1 ELSOBJ  
 
 EPSILON SHRINKAGES
  Epsilon shrinkage for CEps =     0.129420

 ETA SHRINKAGES
   eta-shrinkage( 1) =          0.12316
   eta-shrinkage( 2) =          0.13160
   eta-shrinkage( 3) =          0.89644

 RUNTIMES

   engine runtime (secs) =     20.922
   stderr runtime (secs) =      6.938

 EXITCODE            1
