 ELS FOCE/Laplace engine log file 
 MAX ITERS =        1000



 Model evaluation ODE level used:
  3=DVERK non-stiff

 Other flags and run conditions/tolerances:

        60  NSUB
        10  NUMFREEPARAM
         8  NUMFREEFIXEF
         1  NUMFREEEPS  
         1  NUMFREEOMEGAPARAM
         1  NUMRANEF
         1  Allow Gaussian Fit
         5  IDENGINE
         0  IFLAGRESTART
         1  IFLAGSTDERR 
         0  IFLAGNP     
         1  IFLAGFOCEHESS
         1  NORDERAGQ
         1  NUMPROCS 
        13  NDIGITblup 
         7  NDIGITlagl 
 0.200E-02  tolmodlinz 
 0.100E-01  tolstderr  
         0  NREP_PCWRES
         1  NPRESAMPLE 
         0  NGETMAPNP  
           0  iflaganagrad
           3  iodelevelused
           1  iflagstderr 
           3  iflagwhichstderr


 Initial parameter values:

  0.10000000E+01        1   1 THETA
  0.12000000E+04        2   1 THETA
  0.12000000E+04        3   1 THETA
  0.15000000E+02        4   1 THETA
  0.12000000E+01        5   1 THETA
  0.20000000E+01        6   1 THETA
  0.30000000E+01        7   1 THETA
  0.11000000E+01        8   1 THETA
  0.50000000E+00        1   1 EPS_STD_DEV
  0.25000000E+00        1   1 EPS_VARIANCE
  0.54700000E+00        1   1 OMEGA
  0.37863665E+04        1   1 -LOGLIKE
  0.68008246E+04        1   1 ELSOBJ  

 Total # Subjects     =          60
 Total # Observations =         420


 FOCE Hessian approximation used
iteration =     1    LL value =    3762.4873    
iteration =     2    LL value =    3753.7471    
iteration =     3    LL value =    3743.6142    
iteration =     4    LL value =    3735.0450    
iteration =     5    LL value =    3724.9470    
iteration =     6    LL value =    3721.8478    
iteration =     7    LL value =    3720.7151    
iteration =     8    LL value =    3720.4051    
iteration =     9    LL value =    3718.4506    
iteration =    10    LL value =    3714.6426    
iteration =    11    LL value =    3713.6538    
iteration =    12    LL value =    3713.5261    
iteration =    13    LL value =    3709.7821    
iteration =    14    LL value =    3707.6633    
iteration =    15    LL value =    3706.0268    
iteration =    16    LL value =    3705.3194    
iteration =    17    LL value =    3705.2214    
iteration =    18    LL value =    3705.0106    
iteration =    19    LL value =    3704.9350    
iteration =    20    LL value =    3704.9217    
iteration =    21    LL value =    3704.9162    
iteration =    22    LL value =    3704.9160    
iteration =    23    LL value =    3704.8915    
iteration =    24    LL value =    3704.8675    
iteration =    25    LL value =    3704.7951    
iteration =    26    LL value =    3704.6416    
iteration =    27    LL value =    3704.5034    
iteration =    28    LL value =    3703.8808    
iteration =    29    LL value =    3703.6793    
iteration =    30    LL value =    3703.5310    
iteration =    31    LL value =    3703.2051    
iteration =    32    LL value =    3702.9012    
iteration =    33    LL value =    3702.6994    
iteration =    34    LL value =    3702.4992    
iteration =    35    LL value =    3702.4606    
iteration =    36    LL value =    3702.4567    
iteration =    37    LL value =    3702.4549    
iteration =    38    LL value =    3702.4543    
iteration =    39    LL value =    3702.4532    
iteration =    40    LL value =    3702.4532    
iteration =    41    LL value =    3702.4532    
 Main umdriver optimization for engine 5 terminated
 ITRMCD exit code from umdriver =            3
 1,2,3 = probable success, 4 = maxiterations reached
 7 = Linesearch failed to find any good gradient to move

 Starting std error computation

 Warning - following parameter value near bound
 No standard error computation possible

    i      Bound low      Parameter (i)    Bound high
    3      0.1000E+03      0.2998E+04      0.3000E+04
 Std errors aborted
 One or more parameter values at a bound

 Engine Convergence Summary:
 Convergence achieved

 ITRMCD value on last iteration =           3
 NLME7 return code=           3

 Optimal parameters:

  0.53634826E+00        1   1 THETA        BOUNDS:   0.000E+00  0.100+101
  0.18709567E+04        2   1 THETA        BOUNDS:   0.100E+03  0.300E+04
  0.29982345E+04        3   1 THETA        BOUNDS:   0.100E+03  0.300E+04
 THETA parameter           3  at or above upper bound (bounds not enforced for QRPEM)
  0.64390219E+01        4   1 THETA        BOUNDS:   0.100E+01  0.400E+02
  0.57431122E+00        5   1 THETA        BOUNDS:   0.100E-01  0.300E+01
  0.28589643E+01        6   1 THETA        BOUNDS:   0.100E-03  0.100E+02
  0.13836750E+01        7   1 THETA        BOUNDS:   0.100E-03  0.100E+02
  0.10341379E+01        8   1 THETA        BOUNDS:   0.000E+00  0.100E+02
  0.50263389E+00        1   1 EPS_STD_DEV  BOUNDS:   0.100E-02  0.100+101
  0.25264083E+00        1   1 EPS_VARIANCE
  0.14947316E+00        1   1 OMEGA
  0.37024532E+04        1   1 -LOGLIKE
  0.66329981E+04        1   1 ELSOBJ  
 
 EPSILON SHRINKAGES
  Epsilon shrinkage for CEps =     0.040888

 ETA SHRINKAGES
   eta-shrinkage( 1) =          0.16258

 RUNTIMES

   engine runtime (secs) =     26.422
   stderr runtime (secs) =      0.047

 EXITCODE            3
