 ELS FOCE/Laplace engine log file 
 MAX ITERS =        1000



 Model evaluation ODE level used:
  3=DVERK non-stiff

 Other flags and run conditions/tolerances:

        60  NSUB
         8  NUMFREEPARAM
         5  NUMFREEFIXEF
         1  NUMFREEEPS  
         2  NUMFREEOMEGAPARAM
         2  NUMRANEF
         1  Allow Gaussian Fit
         5  IDENGINE
         0  IFLAGRESTART
         1  IFLAGSTDERR 
         0  IFLAGNP     
         1  IFLAGFOCEHESS
         1  NORDERAGQ
         1  NUMPROCS 
        13  NDIGITblup 
         7  NDIGITlagl 
 0.200E-02  tolmodlinz 
 0.100E-01  tolstderr  
         0  NREP_PCWRES
         1  NPRESAMPLE 
         0  NGETMAPNP  
           0  iflaganagrad
           3  iodelevelused
           1  iflagstderr 
           3  iflagwhichstderr


 Initial parameter values:

  0.10000000E+01        1   1 THETA
  0.12000000E+04        2   1 THETA
  0.12000000E+04        3   1 THETA
  0.15000000E+02        4   1 THETA
  0.12000000E+01        5   1 THETA
  0.50000000E+00        1   1 EPS_STD_DEV
  0.25000000E+00        1   1 EPS_VARIANCE
  0.31000000E+00        1   1 OMEGA
  0.00000000E+00        2   1 OMEGA
  0.31000000E+00        2   2 OMEGA
  0.39704254E+04        1   1 -LOGLIKE
  0.71689424E+04        1   1 ELSOBJ  

 Total # Subjects     =          60
 Total # Observations =         420


 FOCE Hessian approximation used
iteration =     1    LL value =    3942.6307    
iteration =     2    LL value =    3934.4727    
iteration =     3    LL value =    3926.5065    
iteration =     4    LL value =    3925.1386    
iteration =     5    LL value =    3920.2413    
iteration =     6    LL value =    3917.9166    
iteration =     7    LL value =    3912.2248    
iteration =     8    LL value =    3911.8639    
iteration =     9    LL value =    3911.8446    
iteration =    10    LL value =    3911.8169    
iteration =    11    LL value =    3911.8038    
iteration =    12    LL value =    3911.7926    
iteration =    13    LL value =    3911.7857    
iteration =    14    LL value =    3911.7827    
iteration =    15    LL value =    3911.7825    
iteration =    16    LL value =    3911.7810    
iteration =    17    LL value =    3911.7771    
iteration =    18    LL value =    3911.7745    
iteration =    19    LL value =    3911.7675    
iteration =    20    LL value =    3911.7664    
iteration =    21    LL value =    3911.7637    
iteration =    22    LL value =    3911.7630    
iteration =    23    LL value =    3911.7629    
iteration =    24    LL value =    3911.7628    
iteration =    25    LL value =    3911.7620    
iteration =    26    LL value =    3911.7615    
iteration =    27    LL value =    3911.7615    
 Main umdriver optimization for engine 5 terminated
 ITRMCD exit code from umdriver =            3
 1,2,3 = probable success, 4 = maxiterations reached
 7 = Linesearch failed to find any good gradient to move

 Starting std error computation

 Warning: Hessian based standard error
 computation failed in Cholesky factorization step
 of numerical Hessian of -2LL function
 infohess from dpotrf =           6

 Auto-detect: selecting appropriate type of STDERR:
 Auto-detect: Fisher Score is selected

 Score based  std error successful
 Standard errors of estimated parameters

internal_coords     Param       Param_val         Std_err     rel_std_err

       1       CMultStdev    0.526214E+00    0.334558E-01    0.635784E-01
       2           tvVmax    0.125767E+04    0.113875E+03    0.905442E-01
       3             tvKm    0.140950E+04    0.311550E+03    0.221035E+00
       4              tvV    0.135911E+02    0.105929E+01    0.779395E-01
       5             tvKa    0.122817E+01    0.822553E-01    0.669739E-01
       6             CEps    0.500034E+00    0.122419E+01    0.244821E+01
       7            nVmax    0.331181E+00    0.468212E-01    0.141377E+00
       8               nV    0.385544E+00    0.544480E-01    0.141224E+00


external_coords     Param       Param_val         Std_err     rel_std_err

       1       CMultStdev    0.526214E+00    0.334558E-01    0.635784E-01
       2           tvVmax    0.125767E+04    0.113875E+03    0.905442E-01
       3             tvKm    0.140950E+04    0.311550E+03    0.221035E+00
       4              tvV    0.135911E+02    0.105929E+01    0.779395E-01
       5             tvKa    0.122817E+01    0.822553E-01    0.669739E-01
       6             CEps    0.500034E+00    0.122419E+01    0.244821E+01
       7            nVmax    0.109681E+00    0.310125E-01    0.282753E+00
       8               nV    0.148644E+00    0.419842E-01    0.282448E+00


 Engine Convergence Summary:
 Convergence achieved

 ITRMCD value on last iteration =           3
 NLME7 return code=           3

 Optimal parameters:

  0.52621374E+00        1   1 THETA        BOUNDS:   0.000E+00  0.100+101
  0.12576714E+04        2   1 THETA        BOUNDS:   0.100E+03  0.300E+04
  0.14095044E+04        3   1 THETA        BOUNDS:   0.100E+03  0.300E+04
  0.13591146E+02        4   1 THETA        BOUNDS:   0.100E+01  0.400E+02
  0.12281697E+01        5   1 THETA        BOUNDS:   0.100E-01  0.300E+01
  0.50003359E+00        1   1 EPS_STD_DEV  BOUNDS:   0.100E-02  0.100+101
  0.25003359E+00        1   1 EPS_VARIANCE
  0.10968055E+00        1   1 OMEGA
  0.00000000E+00        2   1 OMEGA
  0.14864383E+00        2   2 OMEGA
  0.39117615E+04        1   1 -LOGLIKE
  0.70516146E+04        1   1 ELSOBJ  
 
 EPSILON SHRINKAGES
  Epsilon shrinkage for CEps =     0.121775

 ETA SHRINKAGES
   eta-shrinkage( 1) =          0.14769
   eta-shrinkage( 2) =          0.13120

 RUNTIMES

   engine runtime (secs) =      9.656
   stderr runtime (secs) =      3.328

 EXITCODE            3
