 ELS FOCE/Laplace engine log file 
 MAX ITERS =        1000



 Model evaluation ODE level used:
  3=DVERK non-stiff

 Other flags and run conditions/tolerances:

        60  NSUB
        14  NUMFREEPARAM
         7  NUMFREEFIXEF
         1  NUMFREEEPS  
         6  NUMFREEOMEGAPARAM
         3  NUMRANEF
         1  Allow Gaussian Fit
         5  IDENGINE
         0  IFLAGRESTART
         1  IFLAGSTDERR 
         0  IFLAGNP     
         1  IFLAGFOCEHESS
         1  NORDERAGQ
         1  NUMPROCS 
        13  NDIGITblup 
         7  NDIGITlagl 
 0.200E-02  tolmodlinz 
 0.100E-01  tolstderr  
         0  NREP_PCWRES
         1  NPRESAMPLE 
         0  NGETMAPNP  
           0  iflaganagrad
           3  iodelevelused
           1  iflagstderr 
           3  iflagwhichstderr


 Initial parameter values:

  0.10000000E+01        1   1 THETA
  0.12000000E+04        2   1 THETA
  0.12000000E+04        3   1 THETA
  0.15000000E+02        4   1 THETA
  0.12000000E+01        5   1 THETA
  0.20000000E+01        6   1 THETA
  0.30000000E+01        7   1 THETA
  0.50000000E+00        1   1 EPS_STD_DEV
  0.25000000E+00        1   1 EPS_VARIANCE
  0.31000000E+00        1   1 OMEGA
  0.10000000E+00        2   1 OMEGA
  0.31000000E+00        2   2 OMEGA
  0.10000000E+00        3   1 OMEGA
  0.10000000E+00        3   2 OMEGA
  0.31000000E+00        3   3 OMEGA
  0.37754182E+04        1   1 -LOGLIKE
  0.67789281E+04        1   1 ELSOBJ  

 Total # Subjects     =          60
 Total # Observations =         420


 FOCE Hessian approximation used
iteration =     1    LL value =    3737.3150    
iteration =     2    LL value =    3728.7896    
iteration =     3    LL value =    3722.0987    
iteration =     4    LL value =    3719.9932    
iteration =     5    LL value =    3713.9073    
iteration =     6    LL value =    3711.7350    
iteration =     7    LL value =    3707.7897    
iteration =     8    LL value =    3704.7082    
iteration =     9    LL value =    3703.9680    
iteration =    10    LL value =    3703.6968    
iteration =    11    LL value =    3703.2141    
iteration =    12    LL value =    3702.2978    
iteration =    13    LL value =    3701.7631    
iteration =    14    LL value =    3701.6778    
iteration =    15    LL value =    3701.6337    
iteration =    16    LL value =    3701.4606    
iteration =    17    LL value =    3701.3030    
iteration =    18    LL value =    3701.2463    
iteration =    19    LL value =    3701.2448    
iteration =    20    LL value =    3701.1047    
iteration =    21    LL value =    3701.1047    
iteration =    22    LL value =    3700.9993    
iteration =    23    LL value =    3700.9637    
iteration =    24    LL value =    3700.9384    
iteration =    25    LL value =    3700.8635    
iteration =    26    LL value =    3700.7278    
iteration =    27    LL value =    3700.6892    
iteration =    28    LL value =    3700.6012    
iteration =    29    LL value =    3700.5097    
iteration =    30    LL value =    3700.4880    
iteration =    31    LL value =    3700.4685    
iteration =    32    LL value =    3700.3973    
iteration =    33    LL value =    3700.3218    
iteration =    34    LL value =    3700.2898    
iteration =    35    LL value =    3700.2533    
iteration =    36    LL value =    3700.2499    
iteration =    37    LL value =    3700.2269    
iteration =    38    LL value =    3700.2247    
iteration =    39    LL value =    3700.2019    
iteration =    40    LL value =    3700.1891    
iteration =    41    LL value =    3700.1830    
iteration =    42    LL value =    3700.1790    
iteration =    43    LL value =    3700.1098    
iteration =    44    LL value =    3700.1083    
iteration =    45    LL value =    3699.9487    
iteration =    46    LL value =    3699.9463    
iteration =    47    LL value =    3699.9317    
iteration =    48    LL value =    3699.7362    
iteration =    49    LL value =    3699.6079    
iteration =    50    LL value =    3699.5950    
iteration =    51    LL value =    3699.5553    
iteration =    52    LL value =    3699.4836    
iteration =    53    LL value =    3699.3364    
iteration =    54    LL value =    3699.0135    
iteration =    55    LL value =    3698.8513    
iteration =    56    LL value =    3698.6328    
iteration =    57    LL value =    3698.5733    
iteration =    58    LL value =    3698.4703    
iteration =    59    LL value =    3698.4542    
iteration =    60    LL value =    3698.4392    
iteration =    61    LL value =    3698.4389    
iteration =    62    LL value =    3698.4358    
iteration =    63    LL value =    3698.4339    
iteration =    64    LL value =    3698.4335    
iteration =    65    LL value =    3698.4331    
iteration =    66    LL value =    3698.4329    
iteration =    67    LL value =    3698.4252    
iteration =    68    LL value =    3698.4238    
iteration =    69    LL value =    3698.4238    
 Main umdriver optimization for engine 5 terminated
 ITRMCD exit code from umdriver =            3
 1,2,3 = probable success, 4 = maxiterations reached
 7 = Linesearch failed to find any good gradient to move

 Starting std error computation

 Hessian based std error successful
 Standard errors of estimated parameters

internal_coords     Param       Param_val         Std_err     rel_std_err

       1       CMultStdev    0.492845E+00    0.232378E-01    0.471504E-01
       2           tvVmax    0.212358E+04    0.197966E+03    0.932231E-01
       3             tvKm    0.299631E+04    0.451900E+03    0.150819E+00
       4              tvV    0.184965E+01    0.196403E+00    0.106184E+00
       5             tvKa    0.142171E+00    0.131850E-01    0.927402E-01
       6              K12    0.163355E+01    0.174914E+00    0.107076E+00
       7              K21    0.179042E+00    0.194795E-01    0.108798E+00
       8             CEps    0.471260E+00    0.712468E+02    0.151184E+03
       9            nVmax    0.501824E+00    0.499780E-01    0.995929E-01
      10         nVmaxnKm    0.301809E+00    0.464695E-01    0.153970E+00
      11              nKm    0.296368E+00    0.404347E-01    0.136434E+00
      12          nVmaxnV    0.354478E+00    0.605679E-01    0.170865E+00
      13            nKmnV    0.127099E+00    0.448801E-01    0.353113E+00
      14               nV    0.293303E+00    0.506834E-01    0.172802E+00


external_coords     Param       Param_val         Std_err     rel_std_err

       1       CMultStdev    0.492845E+00    0.232378E-01    0.471504E-01
       2           tvVmax    0.212358E+04    0.197966E+03    0.932231E-01
       3             tvKm    0.299631E+04    0.451900E+03    0.150819E+00
       4              tvV    0.184965E+01    0.196403E+00    0.106184E+00
       5             tvKa    0.142171E+00    0.131850E-01    0.927402E-01
       6              K12    0.163355E+01    0.174914E+00    0.107076E+00
       7              K21    0.179042E+00    0.194795E-01    0.108798E+00
       8             CEps    0.471260E+00    0.712468E+02    0.151184E+03
       9            nVmax    0.251827E+00    0.501603E-01    0.199186E+00
      10         nVmaxnKm    0.151455E+00    0.278073E-01    0.183601E+00
      11              nKm    0.178923E+00    0.317951E-01    0.177703E+00
      12          nVmaxnV    0.177885E+00    0.403264E-01    0.226699E+00
      13            nKmnV    0.144653E+00    0.286553E-01    0.198098E+00
      14               nV    0.227835E+00    0.558053E-01    0.244937E+00


 Score based  std error successful
 Standard errors of estimated parameters

internal_coords     Param       Param_val         Std_err     rel_std_err

       1       CMultStdev    0.492845E+00    0.312561E-01    0.634197E-01
       2           tvVmax    0.212358E+04    0.160997E+04    0.758143E+00
       3             tvKm    0.299631E+04    0.387925E+04    0.129467E+01
       4              tvV    0.184965E+01    0.197109E+01    0.106565E+01
       5             tvKa    0.142171E+00    0.152350E+00    0.107159E+01
       6              K12    0.163355E+01    0.398312E+00    0.243833E+00
       7              K21    0.179042E+00    0.201168E+00    0.112358E+01
       8             CEps    0.471260E+00    0.292361E+01    0.620382E+01
       9            nVmax    0.501824E+00    0.402312E+00    0.801701E+00
      10         nVmaxnKm    0.301809E+00    0.259125E+00    0.858573E+00
      11              nKm    0.296368E+00    0.290859E+00    0.981411E+00
      12          nVmaxnV    0.354478E+00    0.911599E+00    0.257167E+01
      13            nKmnV    0.127099E+00    0.831637E+00    0.654325E+01
      14               nV    0.293303E+00    0.102066E+01    0.347987E+01


external_coords     Param       Param_val         Std_err     rel_std_err

       1       CMultStdev    0.492845E+00    0.312561E-01    0.634197E-01
       2           tvVmax    0.212358E+04    0.160997E+04    0.758143E+00
       3             tvKm    0.299631E+04    0.387925E+04    0.129467E+01
       4              tvV    0.184965E+01    0.197109E+01    0.106565E+01
       5             tvKa    0.142171E+00    0.152350E+00    0.107159E+01
       6              K12    0.163355E+01    0.398312E+00    0.243833E+00
       7              K21    0.179042E+00    0.201168E+00    0.112358E+01
       8             CEps    0.471260E+00    0.292361E+01    0.620382E+01
       9            nVmax    0.251827E+00    0.403780E+00    0.160340E+01
      10         nVmaxnKm    0.151455E+00    0.180041E+00    0.118875E+01
      11              nKm    0.178923E+00    0.695207E-01    0.388552E+00
      12          nVmaxnV    0.177885E+00    0.581635E+00    0.326972E+01
      13            nKmnV    0.144653E+00    0.228591E+00    0.158028E+01
      14               nV    0.227835E+00    0.102448E+01    0.449658E+01


 Auto-detect: selecting appropriate type of STDERR:
 Auto-detect: Sandwich is chosen since both Score and Hessian succeeded

 Sandwich based std error successful
 Standard errors of estimated parameters

internal_coords     Param       Param_val         Std_err     rel_std_err

       1       CMultStdev    0.492845E+00    0.203637E-01    0.413187E-01
       2           tvVmax    0.212358E+04    0.132119E+03    0.622156E-01
       3             tvKm    0.299631E+04    0.277953E+03    0.927649E-01
       4              tvV    0.184965E+01    0.880697E-01    0.476141E-01
       5             tvKa    0.142171E+00    0.724765E-02    0.509783E-01
       6              K12    0.163355E+01    0.132798E+00    0.812941E-01
       7              K21    0.179042E+00    0.111784E-01    0.624346E-01
       8             CEps    0.471260E+00    0.360535E+04    0.765045E+04
       9            nVmax    0.501824E+00    0.323627E-01    0.644902E-01
      10         nVmaxnKm    0.301809E+00    0.256558E-01    0.850067E-01
      11              nKm    0.296368E+00    0.168496E-01    0.568537E-01
      12          nVmaxnV    0.354478E+00    0.142776E-01    0.402778E-01
      13            nKmnV    0.127099E+00    0.202468E-01    0.159300E+00
      14               nV    0.293303E+00    0.242456E-01    0.826640E-01


external_coords     Param       Param_val         Std_err     rel_std_err

       1       CMultStdev    0.492845E+00    0.203637E-01    0.413187E-01
       2           tvVmax    0.212358E+04    0.132119E+03    0.622156E-01
       3             tvKm    0.299631E+04    0.277953E+03    0.927649E-01
       4              tvV    0.184965E+01    0.880697E-01    0.476141E-01
       5             tvKa    0.142171E+00    0.724765E-02    0.509783E-01
       6              K12    0.163355E+01    0.132798E+00    0.812941E-01
       7              K21    0.179042E+00    0.111784E-01    0.624346E-01
       8             CEps    0.471260E+00    0.360535E+04    0.765045E+04
       9            nVmax    0.251827E+00    0.324807E-01    0.128980E+00
      10         nVmaxnKm    0.151455E+00    0.169086E-01    0.111641E+00
      11              nKm    0.178923E+00    0.177409E-01    0.991537E-01
      12          nVmaxnV    0.177885E+00    0.125580E-01    0.705959E-01
      13            nKmnV    0.144653E+00    0.894082E-02    0.618089E-01
      14               nV    0.227835E+00    0.161687E-01    0.709668E-01


 Engine Convergence Summary:
 Convergence achieved

 ITRMCD value on last iteration =           3
 NLME7 return code=           3

 Optimal parameters:

  0.49284481E+00        1   1 THETA        BOUNDS:   0.000E+00  0.100+101
  0.21235759E+04        2   1 THETA        BOUNDS:   0.100E+03  0.300E+04
  0.29963131E+04        3   1 THETA        BOUNDS:   0.100E+03  0.300E+04
  0.18496545E+01        4   1 THETA        BOUNDS:   0.100E+01  0.400E+02
  0.14217114E+00        5   1 THETA        BOUNDS:   0.100E-01  0.300E+01
  0.16335462E+01        6   1 THETA        BOUNDS:   0.100E-03  0.100E+02
  0.17904239E+00        7   1 THETA        BOUNDS:   0.100E-03  0.100E+02
  0.47125990E+00        1   1 EPS_STD_DEV  BOUNDS:   0.100E-02  0.100+101
  0.22208589E+00        1   1 EPS_VARIANCE
  0.25182687E+00        1   1 OMEGA
  0.15145481E+00        2   1 OMEGA
  0.17892273E+00        2   2 OMEGA
  0.17788538E+00        3   1 OMEGA
  0.14465257E+00        3   2 OMEGA
  0.22783536E+00        3   3 OMEGA
  0.36984238E+04        1   1 -LOGLIKE
  0.66249393E+04        1   1 ELSOBJ  
 
 EPSILON SHRINKAGES
  Epsilon shrinkage for CEps =     0.122647

 ETA SHRINKAGES
   eta-shrinkage( 1) =          0.17757
   eta-shrinkage( 2) =          0.12433
   eta-shrinkage( 3) =          0.33391

 RUNTIMES

   engine runtime (secs) =     57.234
   stderr runtime (secs) =     15.422

 EXITCODE            3
