 ELS FOCE/Laplace engine log file 
 MAX ITERS =        1000



 Model evaluation ODE level used:
  3=DVERK non-stiff

 Other flags and run conditions/tolerances:

        60  NSUB
         8  NUMFREEPARAM
         6  NUMFREEFIXEF
         1  NUMFREEEPS  
         1  NUMFREEOMEGAPARAM
         1  NUMRANEF
         1  Allow Gaussian Fit
         5  IDENGINE
         0  IFLAGRESTART
         1  IFLAGSTDERR 
         0  IFLAGNP     
         1  IFLAGFOCEHESS
         1  NORDERAGQ
         1  NUMPROCS 
        13  NDIGITblup 
         7  NDIGITlagl 
 0.200E-02  tolmodlinz 
 0.100E-01  tolstderr  
         0  NREP_PCWRES
         1  NPRESAMPLE 
         0  NGETMAPNP  
           0  iflaganagrad
           3  iodelevelused
           1  iflagstderr 
           3  iflagwhichstderr


 Initial parameter values:

  0.10000000E+01        1   1 THETA
  0.12000000E+04        2   1 THETA
  0.12000000E+04        3   1 THETA
  0.15000000E+02        4   1 THETA
  0.12000000E+01        5   1 THETA
  0.11000000E+01        6   1 THETA
  0.50000000E+00        1   1 EPS_STD_DEV
  0.25000000E+00        1   1 EPS_VARIANCE
  0.54700000E+00        1   1 OMEGA
  0.39619822E+04        1   1 -LOGLIKE
  0.71520560E+04        1   1 ELSOBJ  

 Total # Subjects     =          60
 Total # Observations =         420


 FOCE Hessian approximation used
iteration =     1    LL value =    3937.8695    
iteration =     2    LL value =    3924.0286    
iteration =     3    LL value =    3916.6486    
iteration =     4    LL value =    3907.7848    
iteration =     5    LL value =    3901.2876    
iteration =     6    LL value =    3897.4325    
iteration =     7    LL value =    3896.7140    
iteration =     8    LL value =    3894.6805    
iteration =     9    LL value =    3891.4684    
iteration =    10    LL value =    3888.9994    
iteration =    11    LL value =    3885.5656    
iteration =    12    LL value =    3880.8404    
iteration =    13    LL value =    3878.6428    
iteration =    14    LL value =    3877.2116    
iteration =    15    LL value =    3876.9632    
iteration =    16    LL value =    3876.8905    
iteration =    17    LL value =    3876.8846    
iteration =    18    LL value =    3876.8801    
iteration =    19    LL value =    3876.8717    
iteration =    20    LL value =    3876.8560    
iteration =    21    LL value =    3876.8551    
iteration =    22    LL value =    3876.8549    
iteration =    23    LL value =    3876.8544    
iteration =    24    LL value =    3876.8473    
iteration =    25    LL value =    3876.8383    
iteration =    26    LL value =    3876.8372    
iteration =    27    LL value =    3876.8362    
iteration =    28    LL value =    3876.8355    
iteration =    29    LL value =    3876.8341    
iteration =    30    LL value =    3876.8280    
iteration =    31    LL value =    3876.8278    
iteration =    32    LL value =    3876.8053    
iteration =    33    LL value =    3876.7945    
iteration =    34    LL value =    3876.7785    
iteration =    35    LL value =    3876.7667    
iteration =    36    LL value =    3876.7605    
iteration =    37    LL value =    3876.7599    
iteration =    38    LL value =    3876.7573    
iteration =    39    LL value =    3876.7529    
iteration =    40    LL value =    3876.7449    
iteration =    41    LL value =    3876.7317    
iteration =    42    LL value =    3876.7095    
iteration =    43    LL value =    3876.6883    
iteration =    44    LL value =    3876.6840    
iteration =    45    LL value =    3876.6798    
iteration =    46    LL value =    3876.6798    
iteration =    47    LL value =    3876.6782    
iteration =    48    LL value =    3876.6779    
iteration =    49    LL value =    3876.6777    
iteration =    50    LL value =    3876.6777    
iteration =    51    LL value =    3876.6773    
iteration =    52    LL value =    3876.6773    
iteration =    53    LL value =    3876.6763    
iteration =    54    LL value =    3876.6763    
iteration =    55    LL value =    3876.6763    
 Main umdriver optimization for engine 5 terminated
 ITRMCD exit code from umdriver =            3
 1,2,3 = probable success, 4 = maxiterations reached
 7 = Linesearch failed to find any good gradient to move

 Starting std error computation

 Hessian based std error successful
 Standard errors of estimated parameters

internal_coords     Param       Param_val         Std_err     rel_std_err

       1       CMultStdev    0.541728E+00    0.248962E-01    0.459571E-01
       2           tvVmax    0.165933E+04    0.151273E+03    0.911649E-01
       3             tvKm    0.285941E+04    0.512189E+03    0.179124E+00
       4              tvV    0.120920E+02    0.414598E+00    0.342870E-01
       5             tvKa    0.907116E+00    0.651800E-01    0.718540E-01
       6            dVdWT    0.103858E+01    0.114746E+00    0.110483E+00
       7             CEps    0.500451E+00    0.182328E+01    0.364327E+01
       8            nVmax    0.369877E+00    0.354860E-01    0.959400E-01


external_coords     Param       Param_val         Std_err     rel_std_err

       1       CMultStdev    0.541728E+00    0.248962E-01    0.459571E-01
       2           tvVmax    0.165933E+04    0.151273E+03    0.911649E-01
       3             tvKm    0.285941E+04    0.512189E+03    0.179124E+00
       4              tvV    0.120920E+02    0.414598E+00    0.342870E-01
       5             tvKa    0.907116E+00    0.651800E-01    0.718540E-01
       6            dVdWT    0.103858E+01    0.114746E+00    0.110483E+00
       7             CEps    0.500451E+00    0.182328E+01    0.364327E+01
       8            nVmax    0.136809E+00    0.262510E-01    0.191880E+00


 Score based  std error successful
 Standard errors of estimated parameters

internal_coords     Param       Param_val         Std_err     rel_std_err

       1       CMultStdev    0.541728E+00    0.318516E-01    0.587963E-01
       2           tvVmax    0.165933E+04    0.208706E+03    0.125777E+00
       3             tvKm    0.285941E+04    0.612412E+03    0.214175E+00
       4              tvV    0.120920E+02    0.489846E+00    0.405099E-01
       5             tvKa    0.907116E+00    0.697611E-01    0.769043E-01
       6            dVdWT    0.103858E+01    0.108439E+00    0.104411E+00
       7             CEps    0.500451E+00    0.169918E+01    0.339529E+01
       8            nVmax    0.369877E+00    0.593860E-01    0.160556E+00


external_coords     Param       Param_val         Std_err     rel_std_err

       1       CMultStdev    0.541728E+00    0.318516E-01    0.587963E-01
       2           tvVmax    0.165933E+04    0.208706E+03    0.125777E+00
       3             tvKm    0.285941E+04    0.612412E+03    0.214175E+00
       4              tvV    0.120920E+02    0.489846E+00    0.405099E-01
       5             tvKa    0.907116E+00    0.697611E-01    0.769043E-01
       6            dVdWT    0.103858E+01    0.108439E+00    0.104411E+00
       7             CEps    0.500451E+00    0.169918E+01    0.339529E+01
       8            nVmax    0.136809E+00    0.439311E-01    0.321112E+00


 Auto-detect: selecting appropriate type of STDERR:
 Auto-detect: Sandwich is chosen since both Score and Hessian succeeded

 Sandwich based std error successful
 Standard errors of estimated parameters

internal_coords     Param       Param_val         Std_err     rel_std_err

       1       CMultStdev    0.541728E+00    0.256223E-01    0.472974E-01
       2           tvVmax    0.165933E+04    0.146592E+03    0.883442E-01
       3             tvKm    0.285941E+04    0.565768E+03    0.197862E+00
       4              tvV    0.120920E+02    0.537530E+00    0.444534E-01
       5             tvKa    0.907116E+00    0.785025E-01    0.865407E-01
       6            dVdWT    0.103858E+01    0.127082E+00    0.122361E+00
       7             CEps    0.500451E+00    0.220536E+01    0.440673E+01
       8            nVmax    0.369877E+00    0.269149E-01    0.727672E-01


external_coords     Param       Param_val         Std_err     rel_std_err

       1       CMultStdev    0.541728E+00    0.256223E-01    0.472974E-01
       2           tvVmax    0.165933E+04    0.146592E+03    0.883442E-01
       3             tvKm    0.285941E+04    0.565768E+03    0.197862E+00
       4              tvV    0.120920E+02    0.537530E+00    0.444534E-01
       5             tvKa    0.907116E+00    0.785025E-01    0.865407E-01
       6            dVdWT    0.103858E+01    0.127082E+00    0.122361E+00
       7             CEps    0.500451E+00    0.220536E+01    0.440673E+01
       8            nVmax    0.136809E+00    0.199105E-01    0.145534E+00


 Engine Convergence Summary:
 Convergence achieved

 ITRMCD value on last iteration =           3
 NLME7 return code=           3

 Optimal parameters:

  0.54172832E+00        1   1 THETA        BOUNDS:   0.000E+00  0.100+101
  0.16593309E+04        2   1 THETA        BOUNDS:   0.100E+03  0.300E+04
  0.28594072E+04        3   1 THETA        BOUNDS:   0.100E+03  0.300E+04
  0.12092010E+02        4   1 THETA        BOUNDS:   0.100E+01  0.400E+02
  0.90711633E+00        5   1 THETA        BOUNDS:   0.100E-01  0.300E+01
  0.10385816E+01        6   1 THETA        BOUNDS:   0.000E+00  0.100E+02
  0.50045147E+00        1   1 EPS_STD_DEV  BOUNDS:   0.100E-02  0.100+101
  0.25045168E+00        1   1 EPS_VARIANCE
  0.13680929E+00        1   1 OMEGA
  0.38766763E+04        1   1 -LOGLIKE
  0.69814442E+04        1   1 ELSOBJ  
 
 EPSILON SHRINKAGES
  Epsilon shrinkage for CEps =     0.045883

 ETA SHRINKAGES
   eta-shrinkage( 1) =          0.12868

 RUNTIMES

   engine runtime (secs) =     15.859
   stderr runtime (secs) =      1.938

 EXITCODE            3
