 ELS FOCE/Laplace engine log file 
 MAX ITERS =        1000



 Model evaluation ODE level used:
  3=DVERK non-stiff

 Other flags and run conditions/tolerances:

        60  NSUB
        12  NUMFREEPARAM
         7  NUMFREEFIXEF
         1  NUMFREEEPS  
         4  NUMFREEOMEGAPARAM
         4  NUMRANEF
         1  Allow Gaussian Fit
         5  IDENGINE
         0  IFLAGRESTART
         1  IFLAGSTDERR 
         0  IFLAGNP     
         1  IFLAGFOCEHESS
         1  NORDERAGQ
         1  NUMPROCS 
        13  NDIGITblup 
         7  NDIGITlagl 
 0.200E-02  tolmodlinz 
 0.100E-01  tolstderr  
         0  NREP_PCWRES
         1  NPRESAMPLE 
         0  NGETMAPNP  
           0  iflaganagrad
           3  iodelevelused
           1  iflagstderr 
           3  iflagwhichstderr


 Initial parameter values:

  0.10000000E+01        1   1 THETA
  0.12000000E+04        2   1 THETA
  0.12000000E+04        3   1 THETA
  0.15000000E+02        4   1 THETA
  0.12000000E+01        5   1 THETA
  0.20000000E+01        6   1 THETA
  0.30000000E+01        7   1 THETA
  0.50000000E+00        1   1 EPS_STD_DEV
  0.25000000E+00        1   1 EPS_VARIANCE
  0.31000000E+00        1   1 OMEGA
  0.00000000E+00        2   1 OMEGA
  0.31000000E+00        2   2 OMEGA
  0.00000000E+00        3   1 OMEGA
  0.00000000E+00        3   2 OMEGA
  0.31000000E+00        3   3 OMEGA
  0.00000000E+00        4   1 OMEGA
  0.00000000E+00        4   2 OMEGA
  0.00000000E+00        4   3 OMEGA
  0.31000000E+00        4   4 OMEGA
  0.37594425E+04        1   1 -LOGLIKE
  0.67469766E+04        1   1 ELSOBJ  

 Total # Subjects     =          60
 Total # Observations =         420


 FOCE Hessian approximation used
iteration =     1    LL value =    3715.8430    
iteration =     2    LL value =    3703.5099    
iteration =     3    LL value =    3694.9842    
iteration =     4    LL value =    3690.7128    
iteration =     5    LL value =    3689.2143    
iteration =     6    LL value =    3684.1071    
iteration =     7    LL value =    3680.5616    
iteration =     8    LL value =    3679.6496    
iteration =     9    LL value =    3679.2957    
iteration =    10    LL value =    3679.0524    
iteration =    11    LL value =    3678.7026    
iteration =    12    LL value =    3678.4820    
iteration =    13    LL value =    3678.4167    
iteration =    14    LL value =    3678.3484    
iteration =    15    LL value =    3678.2195    
iteration =    16    LL value =    3677.9875    
iteration =    17    LL value =    3677.8524    
iteration =    18    LL value =    3677.7938    
iteration =    19    LL value =    3677.3808    
iteration =    20    LL value =    3677.2060    
iteration =    21    LL value =    3677.1463    
iteration =    22    LL value =    3677.1263    
iteration =    23    LL value =    3677.0376    
iteration =    24    LL value =    3676.9454    
iteration =    25    LL value =    3676.8160    
iteration =    26    LL value =    3676.7379    
iteration =    27    LL value =    3676.6087    
iteration =    28    LL value =    3676.3420    
iteration =    29    LL value =    3675.7686    
iteration =    30    LL value =    3675.5794    
iteration =    31    LL value =    3675.4772    
iteration =    32    LL value =    3675.4023    
iteration =    33    LL value =    3675.3887    
iteration =    34    LL value =    3675.3591    
iteration =    35    LL value =    3675.2544    
iteration =    36    LL value =    3675.1246    
iteration =    37    LL value =    3675.0892    
iteration =    38    LL value =    3675.0325    
iteration =    39    LL value =    3675.0130    
iteration =    40    LL value =    3675.0128    
iteration =    41    LL value =    3674.9671    
iteration =    42    LL value =    3674.9358    
iteration =    43    LL value =    3674.9329    
iteration =    44    LL value =    3674.9322    
iteration =    45    LL value =    3674.9275    
iteration =    46    LL value =    3674.9261    
iteration =    47    LL value =    3674.9234    
iteration =    48    LL value =    3674.9214    
iteration =    49    LL value =    3674.9159    
iteration =    50    LL value =    3674.9146    
iteration =    51    LL value =    3674.9092    
iteration =    52    LL value =    3674.9065    
iteration =    53    LL value =    3674.9028    
iteration =    54    LL value =    3674.9002    
iteration =    55    LL value =    3674.8970    
iteration =    56    LL value =    3674.8902    
iteration =    57    LL value =    3674.8846    
iteration =    58    LL value =    3674.8811    
iteration =    59    LL value =    3674.8729    
iteration =    60    LL value =    3674.8632    
iteration =    61    LL value =    3674.8410    
iteration =    62    LL value =    3674.8262    
iteration =    63    LL value =    3674.8164    
iteration =    64    LL value =    3674.8082    
iteration =    65    LL value =    3674.8022    
iteration =    66    LL value =    3674.7984    
iteration =    67    LL value =    3674.7907    
iteration =    68    LL value =    3674.7844    
iteration =    69    LL value =    3674.7764    
iteration =    70    LL value =    3674.7712    
iteration =    71    LL value =    3674.7706    
iteration =    72    LL value =    3674.7705    
iteration =    73    LL value =    3674.7701    
iteration =    74    LL value =    3674.7699    
iteration =    75    LL value =    3674.7688    
iteration =    76    LL value =    3674.7682    
iteration =    77    LL value =    3674.7677    
iteration =    78    LL value =    3674.7668    
iteration =    79    LL value =    3674.7667    
iteration =    80    LL value =    3674.7666    
iteration =    81    LL value =    3674.7664    
iteration =    82    LL value =    3674.7658    
iteration =    83    LL value =    3674.7658    
 Main umdriver optimization for engine 5 terminated
 ITRMCD exit code from umdriver =            3
 1,2,3 = probable success, 4 = maxiterations reached
 7 = Linesearch failed to find any good gradient to move

 Starting std error computation

 Warning: Hessian based standard error
 computation failed in Cholesky factorization step
 of numerical Hessian of -2LL function
 infohess from dpotrf =           8

 Auto-detect: selecting appropriate type of STDERR:
 Auto-detect: Fisher Score is selected

 Score based  std error successful
 Standard errors of estimated parameters

internal_coords     Param       Param_val         Std_err     rel_std_err

       1       CMultStdev    0.464519E+00    0.330043E-01    0.710506E-01
       2           tvVmax    0.200882E+04    0.592680E+03    0.295039E+00
       3             tvKm    0.299160E+04    0.156941E+04    0.524605E+00
       4              tvV    0.789457E+01    0.354935E+01    0.449595E+00
       5             tvKa    0.396552E+00    0.169102E+00    0.426430E+00
       6              K12    0.954199E+00    0.404373E+00    0.423783E+00
       7              K21    0.557082E+00    0.305993E+00    0.549278E+00
       8             CEps    0.484467E+00    0.115321E+04    0.238037E+04
       9            nVmax    0.443503E-02    0.105593E+02    0.238088E+04
      10              nKm    0.422449E+00    0.789422E-01    0.186868E+00
      11               nV    0.695488E+00    0.169692E+00    0.243990E+00
      12              nKa    0.550459E+00    0.119336E+00    0.216793E+00


external_coords     Param       Param_val         Std_err     rel_std_err

       1       CMultStdev    0.464519E+00    0.330043E-01    0.710506E-01
       2           tvVmax    0.200882E+04    0.592680E+03    0.295039E+00
       3             tvKm    0.299160E+04    0.156941E+04    0.524605E+00
       4              tvV    0.789457E+01    0.354935E+01    0.449595E+00
       5             tvKa    0.396552E+00    0.169102E+00    0.426430E+00
       6              K12    0.954199E+00    0.404373E+00    0.423783E+00
       7              K21    0.557082E+00    0.305993E+00    0.549278E+00
       8             CEps    0.484467E+00    0.115321E+04    0.238037E+04
       9            nVmax    0.196695E-04    0.936615E-01    0.476176E+04
      10              nKm    0.178463E+00    0.666982E-01    0.373736E+00
      11               nV    0.483703E+00    0.236038E+00    0.487981E+00
      12              nKa    0.303005E+00    0.131379E+00    0.433587E+00


 Engine Convergence Summary:
 Convergence achieved

 ITRMCD value on last iteration =           3
 NLME7 return code=           3

 Optimal parameters:

  0.46451883E+00        1   1 THETA        BOUNDS:   0.000E+00  0.100+101
  0.20088231E+04        2   1 THETA        BOUNDS:   0.100E+03  0.300E+04
  0.29916041E+04        3   1 THETA        BOUNDS:   0.100E+03  0.300E+04
  0.78945651E+01        4   1 THETA        BOUNDS:   0.100E+01  0.400E+02
  0.39655235E+00        5   1 THETA        BOUNDS:   0.100E-01  0.300E+01
  0.95419923E+00        6   1 THETA        BOUNDS:   0.100E-03  0.100E+02
  0.55708246E+00        7   1 THETA        BOUNDS:   0.100E-03  0.100E+02
  0.48446702E+00        1   1 EPS_STD_DEV  BOUNDS:   0.100E-02  0.100+101
  0.23470829E+00        1   1 EPS_VARIANCE
  0.19669527E-04        1   1 OMEGA
  0.00000000E+00        2   1 OMEGA
  0.17846346E+00        2   2 OMEGA
  0.00000000E+00        3   1 OMEGA
  0.00000000E+00        3   2 OMEGA
  0.48370289E+00        3   3 OMEGA
  0.00000000E+00        4   1 OMEGA
  0.00000000E+00        4   2 OMEGA
  0.00000000E+00        4   3 OMEGA
  0.30300550E+00        4   4 OMEGA
  0.36747658E+04        1   1 -LOGLIKE
  0.65776232E+04        1   1 ELSOBJ  
 
 EPSILON SHRINKAGES
  Epsilon shrinkage for CEps =     0.162658

 ETA SHRINKAGES
   eta-shrinkage( 1) =          0.98951
   eta-shrinkage( 2) =          0.15262
   eta-shrinkage( 3) =          0.13581
   eta-shrinkage( 4) =          0.28118

 RUNTIMES

   engine runtime (secs) =     97.812
   stderr runtime (secs) =     14.891

 EXITCODE            3
