 ELS FOCE/Laplace engine log file 
 MAX ITERS =        1000



 Model evaluation ODE level used:
  3=DVERK non-stiff

 Other flags and run conditions/tolerances:

        60  NSUB
        11  NUMFREEPARAM
         7  NUMFREEFIXEF
         1  NUMFREEEPS  
         3  NUMFREEOMEGAPARAM
         2  NUMRANEF
         1  Allow Gaussian Fit
         5  IDENGINE
         0  IFLAGRESTART
         1  IFLAGSTDERR 
         0  IFLAGNP     
         1  IFLAGFOCEHESS
         1  NORDERAGQ
         1  NUMPROCS 
        13  NDIGITblup 
         7  NDIGITlagl 
 0.200E-02  tolmodlinz 
 0.100E-01  tolstderr  
         0  NREP_PCWRES
         1  NPRESAMPLE 
         0  NGETMAPNP  
           0  iflaganagrad
           3  iodelevelused
           1  iflagstderr 
           3  iflagwhichstderr


 Initial parameter values:

  0.10000000E+01        1   1 THETA
  0.12000000E+04        2   1 THETA
  0.12000000E+04        3   1 THETA
  0.15000000E+02        4   1 THETA
  0.12000000E+01        5   1 THETA
  0.20000000E+01        6   1 THETA
  0.30000000E+01        7   1 THETA
  0.50000000E+00        1   1 EPS_STD_DEV
  0.25000000E+00        1   1 EPS_VARIANCE
  0.31000000E+00        1   1 OMEGA
  0.10000000E+00        2   1 OMEGA
  0.31000000E+00        2   2 OMEGA
  0.37966925E+04        1   1 -LOGLIKE
  0.68214766E+04        1   1 ELSOBJ  

 Total # Subjects     =          60
 Total # Observations =         420


 FOCE Hessian approximation used
iteration =     1    LL value =    3767.6711    
iteration =     2    LL value =    3758.7509    
iteration =     3    LL value =    3752.2953    
iteration =     4    LL value =    3745.9760    
iteration =     5    LL value =    3743.7934    
iteration =     6    LL value =    3741.0803    
iteration =     7    LL value =    3737.1654    
iteration =     8    LL value =    3735.3880    
iteration =     9    LL value =    3734.9608    
iteration =    10    LL value =    3734.9124    
iteration =    11    LL value =    3734.8496    
iteration =    12    LL value =    3734.7606    
iteration =    13    LL value =    3734.6142    
iteration =    14    LL value =    3734.4237    
iteration =    15    LL value =    3734.1322    
iteration =    16    LL value =    3734.1312    
iteration =    17    LL value =    3734.0968    
iteration =    18    LL value =    3733.8882    
iteration =    19    LL value =    3733.7527    
iteration =    20    LL value =    3733.7521    
iteration =    21    LL value =    3733.6158    
iteration =    22    LL value =    3733.5592    
iteration =    23    LL value =    3733.4163    
iteration =    24    LL value =    3733.3714    
iteration =    25    LL value =    3733.3215    
iteration =    26    LL value =    3733.2865    
iteration =    27    LL value =    3733.2655    
iteration =    28    LL value =    3733.2474    
iteration =    29    LL value =    3733.2156    
iteration =    30    LL value =    3733.2002    
iteration =    31    LL value =    3733.1772    
iteration =    32    LL value =    3733.1771    
iteration =    33    LL value =    3733.1761    
iteration =    34    LL value =    3733.1744    
iteration =    35    LL value =    3733.1713    
iteration =    36    LL value =    3733.1694    
iteration =    37    LL value =    3733.1643    
iteration =    38    LL value =    3733.1612    
iteration =    39    LL value =    3733.1570    
iteration =    40    LL value =    3733.1534    
 Main umdriver optimization for engine 5 terminated
 ITRMCD exit code from umdriver =            1
 1,2,3 = probable success, 4 = maxiterations reached
 7 = Linesearch failed to find any good gradient to move

 Starting std error computation

 Warning: Hessian based standard error
 computation failed in Cholesky factorization step
 of numerical Hessian of -2LL function
 infohess from dpotrf =           8

 Auto-detect: selecting appropriate type of STDERR:
 Auto-detect: Fisher Score is selected

 Score based  std error successful
 Standard errors of estimated parameters

internal_coords     Param       Param_val         Std_err     rel_std_err

       1       CMultStdev    0.517084E+00    0.350507E-01    0.677854E-01
       2           tvVmax    0.178809E+04    0.977360E+03    0.546595E+00
       3             tvKm    0.289829E+04    0.298372E+04    0.102948E+01
       4              tvV    0.558224E+01    0.338404E+01    0.606216E+00
       5             tvKa    0.555307E+00    0.497218E+00    0.895393E+00
       6              K12    0.259606E+01    0.284872E+01    0.109733E+01
       7              K21    0.921969E+00    0.137651E+01    0.149301E+01
       8             CEps    0.504774E+00    0.193163E+01    0.382672E+01
       9            nVmax    0.436830E+00    0.105063E+00    0.240513E+00
      10          nVmaxnV    0.182381E+00    0.777094E-01    0.426082E+00
      11               nV    0.307487E+00    0.625686E-01    0.203484E+00


external_coords     Param       Param_val         Std_err     rel_std_err

       1       CMultStdev    0.517084E+00    0.350507E-01    0.677854E-01
       2           tvVmax    0.178809E+04    0.977360E+03    0.546595E+00
       3             tvKm    0.289829E+04    0.298372E+04    0.102948E+01
       4              tvV    0.558224E+01    0.338404E+01    0.606216E+00
       5             tvKa    0.555307E+00    0.497218E+00    0.895393E+00
       6              K12    0.259606E+01    0.284872E+01    0.109733E+01
       7              K21    0.921969E+00    0.137651E+01    0.149301E+01
       8             CEps    0.504774E+00    0.193163E+01    0.382672E+01
       9            nVmax    0.190821E+00    0.917896E-01    0.481025E+00
      10          nVmaxnV    0.796697E-01    0.441155E-01    0.553730E+00
      11               nV    0.127811E+00    0.395289E-01    0.309276E+00


 Engine Convergence Summary:
 Convergence achieved

 ITRMCD value on last iteration =           1
 NLME7 return code=           1

 Optimal parameters:

  0.51708365E+00        1   1 THETA        BOUNDS:   0.000E+00  0.100+101
  0.17880889E+04        2   1 THETA        BOUNDS:   0.100E+03  0.300E+04
  0.28982857E+04        3   1 THETA        BOUNDS:   0.100E+03  0.300E+04
  0.55822420E+01        4   1 THETA        BOUNDS:   0.100E+01  0.400E+02
  0.55530651E+00        5   1 THETA        BOUNDS:   0.100E-01  0.300E+01
  0.25960597E+01        6   1 THETA        BOUNDS:   0.100E-03  0.100E+02
  0.92196856E+00        7   1 THETA        BOUNDS:   0.100E-03  0.100E+02
  0.50477356E+00        1   1 EPS_STD_DEV  BOUNDS:   0.100E-02  0.100+101
  0.25479634E+00        1   1 EPS_VARIANCE
  0.19082070E+00        1   1 OMEGA
  0.79669740E-01        2   1 OMEGA
  0.12781118E+00        2   2 OMEGA
  0.37331534E+04        1   1 -LOGLIKE
  0.66943984E+04        1   1 ELSOBJ  
 
 EPSILON SHRINKAGES
  Epsilon shrinkage for CEps =     0.107490

 ETA SHRINKAGES
   eta-shrinkage( 1) =          0.12885
   eta-shrinkage( 2) =          0.15022

 RUNTIMES

   engine runtime (secs) =     36.891
   stderr runtime (secs) =     10.250

 EXITCODE            1
