 ELS FOCE/Laplace engine log file 
 MAX ITERS =        1000



 Model evaluation ODE level used:
  3=DVERK non-stiff

 Other flags and run conditions/tolerances:

        60  NSUB
         7  NUMFREEPARAM
         5  NUMFREEFIXEF
         1  NUMFREEEPS  
         1  NUMFREEOMEGAPARAM
         1  NUMRANEF
         1  Allow Gaussian Fit
         5  IDENGINE
         0  IFLAGRESTART
         1  IFLAGSTDERR 
         0  IFLAGNP     
         1  IFLAGFOCEHESS
         1  NORDERAGQ
         1  NUMPROCS 
        13  NDIGITblup 
         7  NDIGITlagl 
 0.200E-02  tolmodlinz 
 0.100E-01  tolstderr  
         0  NREP_PCWRES
         1  NPRESAMPLE 
         0  NGETMAPNP  
           0  iflaganagrad
           3  iodelevelused
           1  iflagstderr 
           3  iflagwhichstderr


 Initial parameter values:

  0.10000000E+01        1   1 THETA
  0.12000000E+04        2   1 THETA
  0.12000000E+04        3   1 THETA
  0.15000000E+02        4   1 THETA
  0.12000000E+01        5   1 THETA
  0.50000000E+00        1   1 EPS_STD_DEV
  0.25000000E+00        1   1 EPS_VARIANCE
  0.54700000E+00        1   1 OMEGA
  0.39744036E+04        1   1 -LOGLIKE
  0.71768987E+04        1   1 ELSOBJ  

 Total # Subjects     =          60
 Total # Observations =         420


 FOCE Hessian approximation used
iteration =     1    LL value =    3950.1750    
iteration =     2    LL value =    3936.6234    
iteration =     3    LL value =    3929.5188    
iteration =     4    LL value =    3920.8563    
iteration =     5    LL value =    3915.4375    
iteration =     6    LL value =    3910.3092    
iteration =     7    LL value =    3909.5365    
iteration =     8    LL value =    3908.4700    
iteration =     9    LL value =    3904.7597    
iteration =    10    LL value =    3901.6844    
iteration =    11    LL value =    3899.7883    
iteration =    12    LL value =    3898.0121    
iteration =    13    LL value =    3892.7752    
iteration =    14    LL value =    3890.3169    
iteration =    15    LL value =    3889.2254    
iteration =    16    LL value =    3889.1579    
iteration =    17    LL value =    3889.1341    
iteration =    18    LL value =    3889.1087    
iteration =    19    LL value =    3889.1035    
iteration =    20    LL value =    3889.0984    
iteration =    21    LL value =    3889.0848    
iteration =    22    LL value =    3889.0841    
iteration =    23    LL value =    3889.0835    
iteration =    24    LL value =    3889.0832    
iteration =    25    LL value =    3889.0818    
iteration =    26    LL value =    3889.0818    
iteration =    27    LL value =    3889.0816    
iteration =    28    LL value =    3889.0789    
iteration =    29    LL value =    3889.0765    
iteration =    30    LL value =    3889.0714    
iteration =    31    LL value =    3889.0655    
iteration =    32    LL value =    3889.0266    
iteration =    33    LL value =    3888.9895    
iteration =    34    LL value =    3888.9374    
iteration =    35    LL value =    3888.9202    
iteration =    36    LL value =    3888.9144    
iteration =    37    LL value =    3888.9110    
iteration =    38    LL value =    3888.9050    
iteration =    39    LL value =    3888.8992    
iteration =    40    LL value =    3888.8941    
iteration =    41    LL value =    3888.8838    
iteration =    42    LL value =    3888.8824    
iteration =    43    LL value =    3888.8669    
iteration =    44    LL value =    3888.8669    
iteration =    45    LL value =    3888.8669    
iteration =    46    LL value =    3888.8665    
iteration =    47    LL value =    3888.8660    
iteration =    48    LL value =    3888.8658    
iteration =    49    LL value =    3888.8658    
 Main umdriver optimization for engine 5 terminated
 ITRMCD exit code from umdriver =            3
 1,2,3 = probable success, 4 = maxiterations reached
 7 = Linesearch failed to find any good gradient to move

 Starting std error computation

 Hessian based std error successful
 Standard errors of estimated parameters

internal_coords     Param       Param_val         Std_err     rel_std_err

       1       CMultStdev    0.542800E+00    0.243272E-01    0.448180E-01
       2           tvVmax    0.166748E+04    0.123435E+03    0.740247E-01
       3             tvKm    0.293746E+04    0.405303E+03    0.137977E+00
       4              tvV    0.120715E+02    0.404241E+00    0.334873E-01
       5             tvKa    0.905267E+00    0.633779E-01    0.700102E-01
       6             CEps    0.500596E+00    0.882281E+00    0.176246E+01
       7            nVmax    0.361968E+00    0.340742E-01    0.941361E-01


external_coords     Param       Param_val         Std_err     rel_std_err

       1       CMultStdev    0.542800E+00    0.243272E-01    0.448180E-01
       2           tvVmax    0.166748E+04    0.123435E+03    0.740247E-01
       3             tvKm    0.293746E+04    0.405303E+03    0.137977E+00
       4              tvV    0.120715E+02    0.404241E+00    0.334873E-01
       5             tvKa    0.905267E+00    0.633779E-01    0.700102E-01
       6             CEps    0.500596E+00    0.882281E+00    0.176246E+01
       7            nVmax    0.131021E+00    0.246675E-01    0.188272E+00


 Score based  std error successful
 Standard errors of estimated parameters

internal_coords     Param       Param_val         Std_err     rel_std_err

       1       CMultStdev    0.542800E+00    0.330062E-01    0.608073E-01
       2           tvVmax    0.166748E+04    0.206409E+03    0.123785E+00
       3             tvKm    0.293746E+04    0.621788E+03    0.211675E+00
       4              tvV    0.120715E+02    0.496841E+00    0.411583E-01
       5             tvKa    0.905267E+00    0.696653E-01    0.769555E-01
       6             CEps    0.500596E+00    0.229608E+01    0.458669E+01
       7            nVmax    0.361968E+00    0.567307E-01    0.156729E+00


external_coords     Param       Param_val         Std_err     rel_std_err

       1       CMultStdev    0.542800E+00    0.330062E-01    0.608073E-01
       2           tvVmax    0.166748E+04    0.206409E+03    0.123785E+00
       3             tvKm    0.293746E+04    0.621788E+03    0.211675E+00
       4              tvV    0.120715E+02    0.496841E+00    0.411583E-01
       5             tvKa    0.905267E+00    0.696653E-01    0.769555E-01
       6             CEps    0.500596E+00    0.229608E+01    0.458669E+01
       7            nVmax    0.131021E+00    0.410694E-01    0.313457E+00


 Auto-detect: selecting appropriate type of STDERR:
 Auto-detect: Sandwich is chosen since both Score and Hessian succeeded

 Sandwich based std error successful
 Standard errors of estimated parameters

internal_coords     Param       Param_val         Std_err     rel_std_err

       1       CMultStdev    0.542800E+00    0.237721E-01    0.437952E-01
       2           tvVmax    0.166748E+04    0.945860E+02    0.567239E-01
       3             tvKm    0.293746E+04    0.354439E+03    0.120662E+00
       4              tvV    0.120715E+02    0.541773E+00    0.448805E-01
       5             tvKa    0.905267E+00    0.745347E-01    0.823345E-01
       6             CEps    0.500596E+00    0.398904E+00    0.796859E+00
       7            nVmax    0.361968E+00    0.272014E-01    0.751486E-01


external_coords     Param       Param_val         Std_err     rel_std_err

       1       CMultStdev    0.542800E+00    0.237721E-01    0.437952E-01
       2           tvVmax    0.166748E+04    0.945860E+02    0.567239E-01
       3             tvKm    0.293746E+04    0.354439E+03    0.120662E+00
       4              tvV    0.120715E+02    0.541773E+00    0.448805E-01
       5             tvKa    0.905267E+00    0.745347E-01    0.823345E-01
       6             CEps    0.500596E+00    0.398904E+00    0.796859E+00
       7            nVmax    0.131021E+00    0.196920E-01    0.150297E+00


 Engine Convergence Summary:
 Convergence achieved

 ITRMCD value on last iteration =           3
 NLME7 return code=           3

 Optimal parameters:

  0.54280015E+00        1   1 THETA        BOUNDS:   0.000E+00  0.100+101
  0.16674806E+04        2   1 THETA        BOUNDS:   0.100E+03  0.300E+04
  0.29374632E+04        3   1 THETA        BOUNDS:   0.100E+03  0.300E+04
  0.12071464E+02        4   1 THETA        BOUNDS:   0.100E+01  0.400E+02
  0.90526687E+00        5   1 THETA        BOUNDS:   0.100E-01  0.300E+01
  0.50059589E+00        1   1 EPS_STD_DEV  BOUNDS:   0.100E-02  0.100+101
  0.25059625E+00        1   1 EPS_VARIANCE
  0.13102054E+00        1   1 OMEGA
  0.38888658E+04        1   1 -LOGLIKE
  0.70058232E+04        1   1 ELSOBJ  
 
 EPSILON SHRINKAGES
  Epsilon shrinkage for CEps =     0.046455

 ETA SHRINKAGES
   eta-shrinkage( 1) =          0.12800

 RUNTIMES

   engine runtime (secs) =      9.406
   stderr runtime (secs) =      1.797

 EXITCODE            3
